RUN	computerdatabase.BasicSimulation	basicsimulation	1573230954952	 	3.3.0
USER	BBConf simulation	1	START	1573230955280	1573230955280
REQUEST	1		start	1573230955313	1573230955674	OK	 
USER	BBConf simulation	1	END	1573230955280	1573230955688
USER	BBConf simulation	2	START	1573230955689	1573230955689
REQUEST	2		start	1573230955689	1573230955979	OK	 
USER	BBConf simulation	2	END	1573230955689	1573230955980
USER	BBConf simulation	3	START	1573230955980	1573230955980
REQUEST	3		start	1573230955980	1573230956287	OK	 
USER	BBConf simulation	3	END	1573230955980	1573230956288
USER	BBConf simulation	4	START	1573230956288	1573230956288
REQUEST	4		start	1573230956289	1573230956528	OK	 
USER	BBConf simulation	4	END	1573230956288	1573230956528
USER	BBConf simulation	5	START	1573230956528	1573230956528
REQUEST	5		start	1573230956529	1573230956760	OK	 
USER	BBConf simulation	5	END	1573230956528	1573230956761
USER	BBConf simulation	6	START	1573230956761	1573230956761
REQUEST	6		start	1573230956761	1573230956995	OK	 
USER	BBConf simulation	6	END	1573230956761	1573230956996
USER	BBConf simulation	7	START	1573230956997	1573230956997
REQUEST	7		start	1573230956997	1573230957289	OK	 
USER	BBConf simulation	7	END	1573230956997	1573230957290
USER	BBConf simulation	8	START	1573230957290	1573230957290
REQUEST	8		start	1573230957291	1573230957523	OK	 
USER	BBConf simulation	8	END	1573230957290	1573230957524
USER	BBConf simulation	9	START	1573230957524	1573230957524
REQUEST	9		start	1573230957524	1573230957773	OK	 
USER	BBConf simulation	9	END	1573230957524	1573230957775
USER	BBConf simulation	10	START	1573230957775	1573230957775
REQUEST	10		start	1573230957775	1573230957989	OK	 
USER	BBConf simulation	10	END	1573230957775	1573230957990
USER	BBConf simulation	11	START	1573230957990	1573230957990
REQUEST	11		start	1573230957991	1573230958249	OK	 
USER	BBConf simulation	11	END	1573230957990	1573230958250
USER	BBConf simulation	12	START	1573230958250	1573230958250
REQUEST	12		start	1573230958251	1573230958484	OK	 
USER	BBConf simulation	12	END	1573230958250	1573230958484
USER	BBConf simulation	13	START	1573230958485	1573230958485
REQUEST	13		start	1573230958485	1573230958717	OK	 
USER	BBConf simulation	13	END	1573230958485	1573230958718
USER	BBConf simulation	14	START	1573230958718	1573230958718
REQUEST	14		start	1573230958719	1573230959083	OK	 
USER	BBConf simulation	14	END	1573230958718	1573230959084
USER	BBConf simulation	15	START	1573230959084	1573230959084
REQUEST	15		start	1573230959085	1573230959447	OK	 
USER	BBConf simulation	15	END	1573230959084	1573230959447
USER	BBConf simulation	16	START	1573230959448	1573230959448
REQUEST	16		start	1573230959448	1573230959710	OK	 
USER	BBConf simulation	16	END	1573230959448	1573230959711
USER	BBConf simulation	17	START	1573230959711	1573230959711
REQUEST	17		start	1573230959711	1573230959922	OK	 
USER	BBConf simulation	17	END	1573230959711	1573230959923
USER	BBConf simulation	18	START	1573230959923	1573230959923
REQUEST	18		start	1573230959923	1573230960180	OK	 
USER	BBConf simulation	18	END	1573230959923	1573230960180
USER	BBConf simulation	19	START	1573230960181	1573230960181
REQUEST	19		start	1573230960182	1573230960365	OK	 
USER	BBConf simulation	19	END	1573230960181	1573230960365
USER	BBConf simulation	20	START	1573230960366	1573230960366
REQUEST	20		start	1573230960366	1573230960645	OK	 
USER	BBConf simulation	20	END	1573230960366	1573230960646
USER	BBConf simulation	21	START	1573230960646	1573230960646
REQUEST	21		start	1573230960648	1573230961129	OK	 
USER	BBConf simulation	21	END	1573230960646	1573230961130
USER	BBConf simulation	22	START	1573230961130	1573230961130
REQUEST	22		start	1573230961130	1573230961333	OK	 
USER	BBConf simulation	22	END	1573230961130	1573230961333
USER	BBConf simulation	23	START	1573230961333	1573230961333
REQUEST	23		start	1573230961334	1573230961560	OK	 
USER	BBConf simulation	23	END	1573230961333	1573230961560
USER	BBConf simulation	24	START	1573230961561	1573230961561
REQUEST	24		start	1573230961561	1573230961739	OK	 
USER	BBConf simulation	24	END	1573230961561	1573230961740
USER	BBConf simulation	25	START	1573230961740	1573230961740
REQUEST	25		start	1573230961741	1573230961993	KO	status.find.is(200), but actually found 500
USER	BBConf simulation	25	END	1573230961740	1573230961996
USER	BBConf simulation	26	START	1573230961996	1573230961996
REQUEST	26		start	1573230961997	1573230962185	OK	 
USER	BBConf simulation	26	END	1573230961996	1573230962187
USER	BBConf simulation	27	START	1573230962187	1573230962187
REQUEST	27		start	1573230962188	1573230962401	OK	 
USER	BBConf simulation	27	END	1573230962187	1573230962402
USER	BBConf simulation	28	START	1573230962402	1573230962402
REQUEST	28		start	1573230962402	1573230962740	OK	 
USER	BBConf simulation	28	END	1573230962402	1573230962741
USER	BBConf simulation	29	START	1573230962742	1573230962742
REQUEST	29		start	1573230962742	1573230962962	OK	 
USER	BBConf simulation	29	END	1573230962742	1573230962963
USER	BBConf simulation	30	START	1573230962963	1573230962963
REQUEST	30		start	1573230962964	1573230963161	OK	 
USER	BBConf simulation	30	END	1573230962963	1573230963161
USER	BBConf simulation	31	START	1573230963161	1573230963161
REQUEST	31		start	1573230963162	1573230963407	OK	 
USER	BBConf simulation	31	END	1573230963161	1573230963409
USER	BBConf simulation	32	START	1573230963409	1573230963409
REQUEST	32		start	1573230963410	1573230963636	OK	 
USER	BBConf simulation	32	END	1573230963409	1573230963637
USER	BBConf simulation	33	START	1573230963637	1573230963637
REQUEST	33		start	1573230963638	1573230963801	OK	 
USER	BBConf simulation	33	END	1573230963637	1573230963802
USER	BBConf simulation	34	START	1573230963803	1573230963803
REQUEST	34		start	1573230963803	1573230964002	OK	 
USER	BBConf simulation	34	END	1573230963803	1573230964003
USER	BBConf simulation	35	START	1573230964003	1573230964003
REQUEST	35		start	1573230964004	1573230964302	OK	 
USER	BBConf simulation	35	END	1573230964003	1573230964303
USER	BBConf simulation	36	START	1573230964304	1573230964304
REQUEST	36		start	1573230964304	1573230964553	OK	 
USER	BBConf simulation	36	END	1573230964304	1573230964553
USER	BBConf simulation	37	START	1573230964554	1573230964554
REQUEST	37		start	1573230964554	1573230964908	OK	 
USER	BBConf simulation	37	END	1573230964554	1573230964909
USER	BBConf simulation	38	START	1573230964909	1573230964909
REQUEST	38		start	1573230964910	1573230965327	OK	 
USER	BBConf simulation	38	END	1573230964909	1573230965328
USER	BBConf simulation	39	START	1573230965329	1573230965329
REQUEST	39		start	1573230965329	1573230965746	OK	 
USER	BBConf simulation	39	END	1573230965329	1573230965746
USER	BBConf simulation	40	START	1573230965747	1573230965747
REQUEST	40		start	1573230965747	1573230965914	OK	 
USER	BBConf simulation	40	END	1573230965747	1573230965914
USER	BBConf simulation	41	START	1573230965915	1573230965915
REQUEST	41		start	1573230965915	1573230966082	KO	status.find.is(200), but actually found 500
USER	BBConf simulation	41	END	1573230965915	1573230966082
USER	BBConf simulation	42	START	1573230966083	1573230966083
REQUEST	42		start	1573230966083	1573230966260	OK	 
USER	BBConf simulation	42	END	1573230966083	1573230966260
USER	BBConf simulation	43	START	1573230966261	1573230966261
REQUEST	43		start	1573230966261	1573230966450	OK	 
USER	BBConf simulation	43	END	1573230966261	1573230966452
USER	BBConf simulation	44	START	1573230966452	1573230966452
REQUEST	44		start	1573230966453	1573230966679	OK	 
USER	BBConf simulation	44	END	1573230966452	1573230966679
USER	BBConf simulation	45	START	1573230966680	1573230966680
REQUEST	45		start	1573230966680	1573230966844	OK	 
USER	BBConf simulation	45	END	1573230966680	1573230966844
USER	BBConf simulation	46	START	1573230966845	1573230966845
REQUEST	46		start	1573230966845	1573230967017	OK	 
USER	BBConf simulation	46	END	1573230966845	1573230967018
USER	BBConf simulation	47	START	1573230967018	1573230967018
REQUEST	47		start	1573230967018	1573230967285	OK	 
USER	BBConf simulation	47	END	1573230967018	1573230967287
USER	BBConf simulation	48	START	1573230967287	1573230967287
REQUEST	48		start	1573230967288	1573230967447	KO	status.find.is(200), but actually found 500
USER	BBConf simulation	48	END	1573230967287	1573230967448
USER	BBConf simulation	49	START	1573230967448	1573230967448
REQUEST	49		start	1573230967449	1573230967615	OK	 
USER	BBConf simulation	49	END	1573230967448	1573230967616
USER	BBConf simulation	50	START	1573230967616	1573230967616
REQUEST	50		start	1573230967617	1573230967818	OK	 
USER	BBConf simulation	50	END	1573230967616	1573230967818
USER	BBConf simulation	51	START	1573230967819	1573230967819
REQUEST	51		start	1573230967819	1573230968001	OK	 
USER	BBConf simulation	51	END	1573230967819	1573230968001
USER	BBConf simulation	52	START	1573230968001	1573230968001
REQUEST	52		start	1573230968001	1573230968211	OK	 
USER	BBConf simulation	52	END	1573230968001	1573230968212
USER	BBConf simulation	53	START	1573230968212	1573230968212
REQUEST	53		start	1573230968213	1573230969075	OK	 
USER	BBConf simulation	53	END	1573230968212	1573230969076
USER	BBConf simulation	54	START	1573230969076	1573230969076
REQUEST	54		start	1573230969076	1573230969277	OK	 
USER	BBConf simulation	54	END	1573230969076	1573230969279
USER	BBConf simulation	55	START	1573230969279	1573230969279
REQUEST	55		start	1573230969280	1573230969536	KO	status.find.is(200), but actually found 500
USER	BBConf simulation	55	END	1573230969279	1573230969538
USER	BBConf simulation	56	START	1573230969539	1573230969539
REQUEST	56		start	1573230969541	1573230969964	OK	 
USER	BBConf simulation	56	END	1573230969539	1573230969965
USER	BBConf simulation	57	START	1573230969965	1573230969965
REQUEST	57		start	1573230969966	1573230970148	OK	 
USER	BBConf simulation	57	END	1573230969965	1573230970148
USER	BBConf simulation	58	START	1573230970149	1573230970149
REQUEST	58		start	1573230970149	1573230970444	OK	 
USER	BBConf simulation	58	END	1573230970149	1573230970444
USER	BBConf simulation	59	START	1573230970445	1573230970445
REQUEST	59		start	1573230970445	1573230970802	OK	 
USER	BBConf simulation	59	END	1573230970445	1573230970802
USER	BBConf simulation	60	START	1573230970802	1573230970802
REQUEST	60		start	1573230970802	1573230970982	OK	 
USER	BBConf simulation	60	END	1573230970802	1573230970983
USER	BBConf simulation	61	START	1573230970983	1573230970983
REQUEST	61		start	1573230970983	1573230971204	OK	 
USER	BBConf simulation	61	END	1573230970983	1573230971205
USER	BBConf simulation	62	START	1573230971205	1573230971205
REQUEST	62		start	1573230971206	1573230971370	OK	 
USER	BBConf simulation	62	END	1573230971205	1573230971371
USER	BBConf simulation	63	START	1573230971371	1573230971371
REQUEST	63		start	1573230971372	1573230971575	OK	 
USER	BBConf simulation	63	END	1573230971371	1573230971576
USER	BBConf simulation	64	START	1573230971576	1573230971576
REQUEST	64		start	1573230971577	1573230971749	OK	 
USER	BBConf simulation	64	END	1573230971576	1573230971750
USER	BBConf simulation	65	START	1573230971750	1573230971750
REQUEST	65		start	1573230971750	1573230971992	OK	 
USER	BBConf simulation	65	END	1573230971750	1573230971992
USER	BBConf simulation	66	START	1573230971992	1573230971992
REQUEST	66		start	1573230971993	1573230972309	OK	 
USER	BBConf simulation	66	END	1573230971992	1573230972311
USER	BBConf simulation	67	START	1573230972312	1573230972312
REQUEST	67		start	1573230972313	1573230972551	OK	 
USER	BBConf simulation	67	END	1573230972312	1573230972552
USER	BBConf simulation	68	START	1573230972553	1573230972553
REQUEST	68		start	1573230972554	1573230972737	OK	 
USER	BBConf simulation	68	END	1573230972553	1573230972737
USER	BBConf simulation	69	START	1573230972737	1573230972737
REQUEST	69		start	1573230972738	1573230972941	OK	 
USER	BBConf simulation	69	END	1573230972737	1573230972943
USER	BBConf simulation	70	START	1573230972944	1573230972944
REQUEST	70		start	1573230972944	1573230973147	OK	 
USER	BBConf simulation	70	END	1573230972944	1573230973147
USER	BBConf simulation	71	START	1573230973148	1573230973148
REQUEST	71		start	1573230973148	1573230973326	OK	 
USER	BBConf simulation	71	END	1573230973148	1573230973326
USER	BBConf simulation	72	START	1573230973326	1573230973326
REQUEST	72		start	1573230973326	1573230973523	OK	 
USER	BBConf simulation	72	END	1573230973326	1573230973524
USER	BBConf simulation	73	START	1573230973524	1573230973524
REQUEST	73		start	1573230973524	1573230973786	OK	 
USER	BBConf simulation	73	END	1573230973524	1573230973786
USER	BBConf simulation	74	START	1573230973786	1573230973786
REQUEST	74		start	1573230973786	1573230974051	OK	 
USER	BBConf simulation	74	END	1573230973786	1573230974051
USER	BBConf simulation	75	START	1573230974051	1573230974051
REQUEST	75		start	1573230974052	1573230974243	OK	 
USER	BBConf simulation	75	END	1573230974051	1573230974243
USER	BBConf simulation	76	START	1573230974243	1573230974243
REQUEST	76		start	1573230974244	1573230974666	OK	 
USER	BBConf simulation	76	END	1573230974243	1573230974666
USER	BBConf simulation	77	START	1573230974667	1573230974667
REQUEST	77		start	1573230974667	1573230974937	OK	 
USER	BBConf simulation	77	END	1573230974667	1573230974938
USER	BBConf simulation	78	START	1573230974938	1573230974938
REQUEST	78		start	1573230974938	1573230975313	OK	 
USER	BBConf simulation	78	END	1573230974938	1573230975314
USER	BBConf simulation	79	START	1573230975314	1573230975314
REQUEST	79		start	1573230975314	1573230975604	OK	 
USER	BBConf simulation	79	END	1573230975314	1573230975604
USER	BBConf simulation	80	START	1573230975605	1573230975605
REQUEST	80		start	1573230975605	1573230975822	OK	 
USER	BBConf simulation	80	END	1573230975605	1573230975823
USER	BBConf simulation	81	START	1573230975823	1573230975823
REQUEST	81		start	1573230975823	1573230976009	OK	 
USER	BBConf simulation	81	END	1573230975823	1573230976009
USER	BBConf simulation	82	START	1573230976009	1573230976009
REQUEST	82		start	1573230976010	1573230976225	KO	status.find.is(200), but actually found 500
USER	BBConf simulation	82	END	1573230976009	1573230976226
USER	BBConf simulation	83	START	1573230976226	1573230976226
REQUEST	83		start	1573230976227	1573230976406	OK	 
USER	BBConf simulation	83	END	1573230976226	1573230976407
USER	BBConf simulation	84	START	1573230976407	1573230976407
REQUEST	84		start	1573230976407	1573230976592	OK	 
USER	BBConf simulation	84	END	1573230976407	1573230976592
USER	BBConf simulation	85	START	1573230976592	1573230976592
REQUEST	85		start	1573230976593	1573230976814	OK	 
USER	BBConf simulation	85	END	1573230976592	1573230976815
USER	BBConf simulation	86	START	1573230976815	1573230976815
REQUEST	86		start	1573230976815	1573230977033	OK	 
USER	BBConf simulation	86	END	1573230976815	1573230977033
USER	BBConf simulation	87	START	1573230977033	1573230977033
REQUEST	87		start	1573230977034	1573230977245	OK	 
USER	BBConf simulation	87	END	1573230977033	1573230977246
USER	BBConf simulation	88	START	1573230977246	1573230977246
REQUEST	88		start	1573230977246	1573230977416	OK	 
USER	BBConf simulation	88	END	1573230977246	1573230977416
USER	BBConf simulation	89	START	1573230977416	1573230977416
REQUEST	89		start	1573230977417	1573230977602	OK	 
USER	BBConf simulation	89	END	1573230977416	1573230977602
USER	BBConf simulation	90	START	1573230977602	1573230977602
REQUEST	90		start	1573230977603	1573230977770	KO	status.find.is(200), but actually found 500
USER	BBConf simulation	90	END	1573230977602	1573230977770
USER	BBConf simulation	91	START	1573230977770	1573230977770
REQUEST	91		start	1573230977771	1573230978023	OK	 
USER	BBConf simulation	91	END	1573230977770	1573230978024
USER	BBConf simulation	92	START	1573230978024	1573230978024
REQUEST	92		start	1573230978024	1573230978244	OK	 
USER	BBConf simulation	92	END	1573230978024	1573230978244
USER	BBConf simulation	93	START	1573230978244	1573230978244
REQUEST	93		start	1573230978244	1573230978441	OK	 
USER	BBConf simulation	93	END	1573230978244	1573230978442
USER	BBConf simulation	94	START	1573230978442	1573230978442
REQUEST	94		start	1573230978442	1573230978620	OK	 
USER	BBConf simulation	94	END	1573230978442	1573230978621
USER	BBConf simulation	95	START	1573230978621	1573230978621
REQUEST	95		start	1573230978621	1573230978796	KO	status.find.is(200), but actually found 500
USER	BBConf simulation	95	END	1573230978621	1573230978796
USER	BBConf simulation	96	START	1573230978796	1573230978796
REQUEST	96		start	1573230978797	1573230978994	OK	 
USER	BBConf simulation	96	END	1573230978796	1573230978994
USER	BBConf simulation	97	START	1573230978994	1573230978994
REQUEST	97		start	1573230978995	1573230979232	OK	 
USER	BBConf simulation	97	END	1573230978994	1573230979232
USER	BBConf simulation	98	START	1573230979233	1573230979233
REQUEST	98		start	1573230979233	1573230979434	OK	 
USER	BBConf simulation	98	END	1573230979233	1573230979434
USER	BBConf simulation	99	START	1573230979434	1573230979434
REQUEST	99		start	1573230979435	1573230979629	OK	 
USER	BBConf simulation	99	END	1573230979434	1573230979629
USER	BBConf simulation	100	START	1573230979630	1573230979630
REQUEST	100		start	1573230979630	1573230979836	OK	 
USER	BBConf simulation	100	END	1573230979630	1573230979836
USER	BBConf simulation	101	START	1573230979836	1573230979836
REQUEST	101		start	1573230979837	1573230980048	OK	 
USER	BBConf simulation	101	END	1573230979836	1573230980048
USER	BBConf simulation	102	START	1573230980049	1573230980049
REQUEST	102		start	1573230980049	1573230980665	OK	 
USER	BBConf simulation	102	END	1573230980049	1573230980665
USER	BBConf simulation	103	START	1573230980665	1573230980665
REQUEST	103		start	1573230980666	1573230980833	KO	status.find.is(200), but actually found 500
USER	BBConf simulation	103	END	1573230980665	1573230980833
USER	BBConf simulation	104	START	1573230980834	1573230980834
REQUEST	104		start	1573230980834	1573230981019	KO	status.find.is(200), but actually found 500
USER	BBConf simulation	104	END	1573230980834	1573230981019
USER	BBConf simulation	105	START	1573230981020	1573230981020
REQUEST	105		start	1573230981020	1573230981221	OK	 
USER	BBConf simulation	105	END	1573230981020	1573230981222
USER	BBConf simulation	106	START	1573230981222	1573230981222
REQUEST	106		start	1573230981222	1573230981417	KO	status.find.is(200), but actually found 500
USER	BBConf simulation	106	END	1573230981222	1573230981417
USER	BBConf simulation	107	START	1573230981417	1573230981417
REQUEST	107		start	1573230981418	1573230981606	OK	 
USER	BBConf simulation	107	END	1573230981417	1573230981607
USER	BBConf simulation	108	START	1573230981607	1573230981607
REQUEST	108		start	1573230981607	1573230981795	OK	 
USER	BBConf simulation	108	END	1573230981607	1573230981795
USER	BBConf simulation	109	START	1573230981795	1573230981795
REQUEST	109		start	1573230981795	1573230981978	KO	status.find.is(200), but actually found 500
USER	BBConf simulation	109	END	1573230981795	1573230981979
USER	BBConf simulation	110	START	1573230981980	1573230981980
REQUEST	110		start	1573230981981	1573230982196	OK	 
USER	BBConf simulation	110	END	1573230981980	1573230982196
USER	BBConf simulation	111	START	1573230982196	1573230982196
REQUEST	111		start	1573230982197	1573230982415	KO	status.find.is(200), but actually found 500
USER	BBConf simulation	111	END	1573230982196	1573230982415
USER	BBConf simulation	112	START	1573230982415	1573230982415
REQUEST	112		start	1573230982415	1573230982585	OK	 
USER	BBConf simulation	112	END	1573230982415	1573230982585
USER	BBConf simulation	113	START	1573230982585	1573230982585
REQUEST	113		start	1573230982586	1573230982770	OK	 
USER	BBConf simulation	113	END	1573230982585	1573230982770
USER	BBConf simulation	114	START	1573230982770	1573230982770
REQUEST	114		start	1573230982770	1573230982956	OK	 
USER	BBConf simulation	114	END	1573230982770	1573230982958
USER	BBConf simulation	115	START	1573230982958	1573230982958
REQUEST	115		start	1573230982958	1573230983157	OK	 
USER	BBConf simulation	115	END	1573230982958	1573230983158
USER	BBConf simulation	116	START	1573230983158	1573230983158
REQUEST	116		start	1573230983158	1573230983345	KO	status.find.is(200), but actually found 500
USER	BBConf simulation	116	END	1573230983158	1573230983346
USER	BBConf simulation	117	START	1573230983346	1573230983346
REQUEST	117		start	1573230983346	1573230983532	OK	 
USER	BBConf simulation	117	END	1573230983346	1573230983532
USER	BBConf simulation	118	START	1573230983532	1573230983532
REQUEST	118		start	1573230983532	1573230983774	OK	 
USER	BBConf simulation	118	END	1573230983532	1573230983774
USER	BBConf simulation	119	START	1573230983775	1573230983775
REQUEST	119		start	1573230983775	1573230983961	OK	 
USER	BBConf simulation	119	END	1573230983775	1573230983961
USER	BBConf simulation	120	START	1573230983961	1573230983961
REQUEST	120		start	1573230983961	1573230984143	KO	status.find.is(200), but actually found 500
USER	BBConf simulation	120	END	1573230983961	1573230984144
USER	BBConf simulation	121	START	1573230984145	1573230984145
REQUEST	121		start	1573230984145	1573230984320	OK	 
USER	BBConf simulation	121	END	1573230984145	1573230984320
USER	BBConf simulation	122	START	1573230984320	1573230984320
REQUEST	122		start	1573230984321	1573230984574	OK	 
USER	BBConf simulation	122	END	1573230984320	1573230984574
USER	BBConf simulation	123	START	1573230984575	1573230984575
REQUEST	123		start	1573230984575	1573230984881	OK	 
USER	BBConf simulation	123	END	1573230984575	1573230984881
USER	BBConf simulation	124	START	1573230984882	1573230984882
REQUEST	124		start	1573230984882	1573230985239	OK	 
USER	BBConf simulation	124	END	1573230984882	1573230985240
USER	BBConf simulation	125	START	1573230985240	1573230985240
REQUEST	125		start	1573230985240	1573230985418	KO	status.find.is(200), but actually found 500
USER	BBConf simulation	125	END	1573230985240	1573230985418
USER	BBConf simulation	126	START	1573230985418	1573230985418
REQUEST	126		start	1573230985419	1573230985624	OK	 
USER	BBConf simulation	126	END	1573230985418	1573230985624
USER	BBConf simulation	127	START	1573230985625	1573230985625
REQUEST	127		start	1573230985625	1573230985803	OK	 
USER	BBConf simulation	127	END	1573230985625	1573230985803
USER	BBConf simulation	128	START	1573230985803	1573230985803
REQUEST	128		start	1573230985804	1573230985986	OK	 
USER	BBConf simulation	128	END	1573230985803	1573230985987
USER	BBConf simulation	129	START	1573230985987	1573230985987
REQUEST	129		start	1573230985987	1573230986271	OK	 
USER	BBConf simulation	129	END	1573230985987	1573230986271
USER	BBConf simulation	130	START	1573230986271	1573230986271
REQUEST	130		start	1573230986271	1573230986445	KO	status.find.is(200), but actually found 500
USER	BBConf simulation	130	END	1573230986271	1573230986446
USER	BBConf simulation	131	START	1573230986446	1573230986446
REQUEST	131		start	1573230986446	1573230986613	KO	status.find.is(200), but actually found 500
USER	BBConf simulation	131	END	1573230986446	1573230986614
USER	BBConf simulation	132	START	1573230986614	1573230986614
REQUEST	132		start	1573230986614	1573230986801	KO	status.find.is(200), but actually found 500
USER	BBConf simulation	132	END	1573230986614	1573230986802
USER	BBConf simulation	133	START	1573230986802	1573230986802
REQUEST	133		start	1573230986803	1573230986977	KO	status.find.is(200), but actually found 500
USER	BBConf simulation	133	END	1573230986802	1573230986977
USER	BBConf simulation	134	START	1573230986977	1573230986977
REQUEST	134		start	1573230986977	1573230987204	OK	 
USER	BBConf simulation	134	END	1573230986977	1573230987204
USER	BBConf simulation	135	START	1573230987204	1573230987204
REQUEST	135		start	1573230987205	1573230987423	OK	 
USER	BBConf simulation	135	END	1573230987204	1573230987423
USER	BBConf simulation	136	START	1573230987423	1573230987423
REQUEST	136		start	1573230987423	1573230987603	KO	status.find.is(200), but actually found 500
USER	BBConf simulation	136	END	1573230987423	1573230987603
USER	BBConf simulation	137	START	1573230987603	1573230987603
REQUEST	137		start	1573230987603	1573230987797	KO	status.find.is(200), but actually found 500
USER	BBConf simulation	137	END	1573230987603	1573230987797
USER	BBConf simulation	138	START	1573230987798	1573230987798
REQUEST	138		start	1573230987798	1573230987997	OK	 
USER	BBConf simulation	138	END	1573230987798	1573230987997
USER	BBConf simulation	139	START	1573230987998	1573230987998
REQUEST	139		start	1573230987999	1573230988208	KO	status.find.is(200), but actually found 500
USER	BBConf simulation	139	END	1573230987998	1573230988209
USER	BBConf simulation	140	START	1573230988209	1573230988209
REQUEST	140		start	1573230988210	1573230988396	OK	 
USER	BBConf simulation	140	END	1573230988209	1573230988396
USER	BBConf simulation	141	START	1573230988397	1573230988397
REQUEST	141		start	1573230988397	1573230988568	KO	status.find.is(200), but actually found 500
USER	BBConf simulation	141	END	1573230988397	1573230988568
USER	BBConf simulation	142	START	1573230988568	1573230988568
REQUEST	142		start	1573230988568	1573230988762	OK	 
USER	BBConf simulation	142	END	1573230988568	1573230988762
USER	BBConf simulation	143	START	1573230988762	1573230988762
REQUEST	143		start	1573230988762	1573230988931	OK	 
USER	BBConf simulation	143	END	1573230988762	1573230988931
USER	BBConf simulation	144	START	1573230988931	1573230988931
REQUEST	144		start	1573230988932	1573230989110	OK	 
USER	BBConf simulation	144	END	1573230988931	1573230989110
USER	BBConf simulation	145	START	1573230989110	1573230989110
REQUEST	145		start	1573230989110	1573230989360	OK	 
USER	BBConf simulation	145	END	1573230989110	1573230989360
USER	BBConf simulation	146	START	1573230989360	1573230989360
REQUEST	146		start	1573230989361	1573230989540	KO	status.find.is(200), but actually found 500
USER	BBConf simulation	146	END	1573230989360	1573230989541
USER	BBConf simulation	147	START	1573230989541	1573230989541
REQUEST	147		start	1573230989541	1573230989736	OK	 
USER	BBConf simulation	147	END	1573230989541	1573230989737
USER	BBConf simulation	148	START	1573230989737	1573230989737
REQUEST	148		start	1573230989737	1573230989917	OK	 
USER	BBConf simulation	148	END	1573230989737	1573230989917
USER	BBConf simulation	149	START	1573230989917	1573230989917
REQUEST	149		start	1573230989917	1573230990090	OK	 
USER	BBConf simulation	149	END	1573230989917	1573230990090
USER	BBConf simulation	150	START	1573230990090	1573230990090
REQUEST	150		start	1573230990090	1573230990329	OK	 
USER	BBConf simulation	150	END	1573230990090	1573230990329
USER	BBConf simulation	151	START	1573230990329	1573230990329
REQUEST	151		start	1573230990330	1573230990513	OK	 
USER	BBConf simulation	151	END	1573230990329	1573230990514
USER	BBConf simulation	152	START	1573230990514	1573230990514
REQUEST	152		start	1573230990515	1573230990681	OK	 
USER	BBConf simulation	152	END	1573230990514	1573230990682
USER	BBConf simulation	153	START	1573230990682	1573230990682
REQUEST	153		start	1573230990682	1573230990855	OK	 
USER	BBConf simulation	153	END	1573230990682	1573230990855
USER	BBConf simulation	154	START	1573230990855	1573230990855
REQUEST	154		start	1573230990855	1573230991026	OK	 
USER	BBConf simulation	154	END	1573230990855	1573230991026
USER	BBConf simulation	155	START	1573230991026	1573230991026
REQUEST	155		start	1573230991027	1573230991243	OK	 
USER	BBConf simulation	155	END	1573230991026	1573230991244
USER	BBConf simulation	156	START	1573230991244	1573230991244
REQUEST	156		start	1573230991244	1573230991436	OK	 
USER	BBConf simulation	156	END	1573230991244	1573230991436
USER	BBConf simulation	157	START	1573230991436	1573230991436
REQUEST	157		start	1573230991437	1573230991688	OK	 
USER	BBConf simulation	157	END	1573230991436	1573230991688
USER	BBConf simulation	158	START	1573230991688	1573230991688
REQUEST	158		start	1573230991689	1573230991861	OK	 
USER	BBConf simulation	158	END	1573230991688	1573230991861
USER	BBConf simulation	159	START	1573230991861	1573230991861
REQUEST	159		start	1573230991862	1573230992064	KO	status.find.is(200), but actually found 500
USER	BBConf simulation	159	END	1573230991861	1573230992065
USER	BBConf simulation	160	START	1573230992065	1573230992065
REQUEST	160		start	1573230992066	1573230992852	KO	status.find.is(200), but actually found 500
USER	BBConf simulation	160	END	1573230992065	1573230992852
USER	BBConf simulation	161	START	1573230992852	1573230992852
REQUEST	161		start	1573230992852	1573230993126	OK	 
USER	BBConf simulation	161	END	1573230992852	1573230993126
USER	BBConf simulation	162	START	1573230993126	1573230993126
REQUEST	162		start	1573230993127	1573230993512	OK	 
USER	BBConf simulation	162	END	1573230993126	1573230993512
USER	BBConf simulation	163	START	1573230993512	1573230993512
REQUEST	163		start	1573230993512	1573230993727	KO	status.find.is(200), but actually found 500
USER	BBConf simulation	163	END	1573230993512	1573230993727
USER	BBConf simulation	164	START	1573230993727	1573230993727
REQUEST	164		start	1573230993727	1573230993926	OK	 
USER	BBConf simulation	164	END	1573230993727	1573230993927
USER	BBConf simulation	165	START	1573230993927	1573230993927
REQUEST	165		start	1573230993927	1573230994115	OK	 
USER	BBConf simulation	165	END	1573230993927	1573230994115
USER	BBConf simulation	166	START	1573230994115	1573230994115
REQUEST	166		start	1573230994115	1573230994302	OK	 
USER	BBConf simulation	166	END	1573230994115	1573230994302
USER	BBConf simulation	167	START	1573230994303	1573230994303
REQUEST	167		start	1573230994303	1573230994482	OK	 
USER	BBConf simulation	167	END	1573230994303	1573230994482
USER	BBConf simulation	168	START	1573230994482	1573230994482
REQUEST	168		start	1573230994482	1573230994734	OK	 
USER	BBConf simulation	168	END	1573230994482	1573230994735
USER	BBConf simulation	169	START	1573230994735	1573230994735
REQUEST	169		start	1573230994735	1573230994972	OK	 
USER	BBConf simulation	169	END	1573230994735	1573230994972
USER	BBConf simulation	170	START	1573230994973	1573230994973
REQUEST	170		start	1573230994973	1573230995372	OK	 
USER	BBConf simulation	170	END	1573230994973	1573230995373
USER	BBConf simulation	171	START	1573230995373	1573230995373
REQUEST	171		start	1573230995374	1573230995710	KO	status.find.is(200), but actually found 500
USER	BBConf simulation	171	END	1573230995373	1573230995711
USER	BBConf simulation	172	START	1573230995711	1573230995711
REQUEST	172		start	1573230995711	1573230995888	OK	 
USER	BBConf simulation	172	END	1573230995711	1573230995888
USER	BBConf simulation	173	START	1573230995888	1573230995888
REQUEST	173		start	1573230995888	1573230996086	OK	 
USER	BBConf simulation	173	END	1573230995888	1573230996086
USER	BBConf simulation	174	START	1573230996086	1573230996086
REQUEST	174		start	1573230996086	1573230996257	KO	status.find.is(200), but actually found 500
USER	BBConf simulation	174	END	1573230996086	1573230996258
USER	BBConf simulation	175	START	1573230996258	1573230996258
REQUEST	175		start	1573230996258	1573230996518	OK	 
USER	BBConf simulation	175	END	1573230996258	1573230996518
USER	BBConf simulation	176	START	1573230996518	1573230996518
REQUEST	176		start	1573230996519	1573230997478	KO	status.find.is(200), but actually found 500
USER	BBConf simulation	176	END	1573230996518	1573230997478
USER	BBConf simulation	177	START	1573230997478	1573230997478
REQUEST	177		start	1573230997479	1573230997645	KO	status.find.is(200), but actually found 500
USER	BBConf simulation	177	END	1573230997478	1573230997645
USER	BBConf simulation	178	START	1573230997646	1573230997646
REQUEST	178		start	1573230997646	1573230997817	KO	status.find.is(200), but actually found 500
USER	BBConf simulation	178	END	1573230997646	1573230997818
USER	BBConf simulation	179	START	1573230997818	1573230997818
REQUEST	179		start	1573230997818	1573230998029	OK	 
USER	BBConf simulation	179	END	1573230997818	1573230998029
USER	BBConf simulation	180	START	1573230998029	1573230998029
REQUEST	180		start	1573230998030	1573230998492	OK	 
USER	BBConf simulation	180	END	1573230998029	1573230998493
USER	BBConf simulation	181	START	1573230998493	1573230998493
REQUEST	181		start	1573230998493	1573230998675	KO	status.find.is(200), but actually found 500
USER	BBConf simulation	181	END	1573230998493	1573230998675
USER	BBConf simulation	182	START	1573230998675	1573230998675
REQUEST	182		start	1573230998676	1573230998857	OK	 
USER	BBConf simulation	182	END	1573230998675	1573230998858
USER	BBConf simulation	183	START	1573230998858	1573230998858
REQUEST	183		start	1573230998858	1573230999037	OK	 
USER	BBConf simulation	183	END	1573230998858	1573230999037
USER	BBConf simulation	184	START	1573230999037	1573230999037
REQUEST	184		start	1573230999037	1573230999320	OK	 
USER	BBConf simulation	184	END	1573230999037	1573230999320
USER	BBConf simulation	185	START	1573230999320	1573230999320
REQUEST	185		start	1573230999320	1573230999537	KO	status.find.is(200), but actually found 500
USER	BBConf simulation	185	END	1573230999320	1573230999537
USER	BBConf simulation	186	START	1573230999537	1573230999537
REQUEST	186		start	1573230999538	1573230999698	KO	status.find.is(200), but actually found 500
USER	BBConf simulation	186	END	1573230999537	1573230999699
USER	BBConf simulation	187	START	1573230999699	1573230999699
REQUEST	187		start	1573230999699	1573230999868	KO	status.find.is(200), but actually found 500
USER	BBConf simulation	187	END	1573230999699	1573230999869
USER	BBConf simulation	188	START	1573230999869	1573230999869
REQUEST	188		start	1573230999869	1573231000067	OK	 
USER	BBConf simulation	188	END	1573230999869	1573231000068
USER	BBConf simulation	189	START	1573231000068	1573231000068
REQUEST	189		start	1573231000069	1573231000255	OK	 
USER	BBConf simulation	189	END	1573231000068	1573231000256
USER	BBConf simulation	190	START	1573231000256	1573231000256
REQUEST	190		start	1573231000256	1573231000682	OK	 
USER	BBConf simulation	190	END	1573231000256	1573231000682
USER	BBConf simulation	191	START	1573231000682	1573231000682
REQUEST	191		start	1573231000682	1573231000867	OK	 
USER	BBConf simulation	191	END	1573231000682	1573231000868
USER	BBConf simulation	192	START	1573231000868	1573231000868
REQUEST	192		start	1573231000868	1573231001081	OK	 
USER	BBConf simulation	192	END	1573231000868	1573231001081
USER	BBConf simulation	193	START	1573231001081	1573231001081
REQUEST	193		start	1573231001082	1573231001270	OK	 
USER	BBConf simulation	193	END	1573231001081	1573231001270
USER	BBConf simulation	194	START	1573231001270	1573231001270
REQUEST	194		start	1573231001271	1573231001516	OK	 
USER	BBConf simulation	194	END	1573231001270	1573231001516
USER	BBConf simulation	195	START	1573231001516	1573231001516
REQUEST	195		start	1573231001516	1573231001699	OK	 
USER	BBConf simulation	195	END	1573231001516	1573231001699
USER	BBConf simulation	196	START	1573231001699	1573231001699
REQUEST	196		start	1573231001700	1573231001873	OK	 
USER	BBConf simulation	196	END	1573231001699	1573231001873
USER	BBConf simulation	197	START	1573231001874	1573231001874
REQUEST	197		start	1573231001875	1573231002051	OK	 
USER	BBConf simulation	197	END	1573231001874	1573231002051
USER	BBConf simulation	198	START	1573231002051	1573231002051
REQUEST	198		start	1573231002051	1573231002231	KO	status.find.is(200), but actually found 500
USER	BBConf simulation	198	END	1573231002051	1573231002231
USER	BBConf simulation	199	START	1573231002232	1573231002232
REQUEST	199		start	1573231002232	1573231002415	OK	 
USER	BBConf simulation	199	END	1573231002232	1573231002416
USER	BBConf simulation	200	START	1573231002416	1573231002416
REQUEST	200		start	1573231002416	1573231002605	KO	status.find.is(200), but actually found 500
USER	BBConf simulation	200	END	1573231002416	1573231002606
USER	BBConf simulation	201	START	1573231002606	1573231002606
REQUEST	201		start	1573231002606	1573231002806	OK	 
USER	BBConf simulation	201	END	1573231002606	1573231002806
USER	BBConf simulation	202	START	1573231002806	1573231002806
REQUEST	202		start	1573231002807	1573231002969	KO	status.find.is(200), but actually found 500
USER	BBConf simulation	202	END	1573231002806	1573231002970
USER	BBConf simulation	203	START	1573231002970	1573231002970
REQUEST	203		start	1573231002970	1573231003141	KO	status.find.is(200), but actually found 500
USER	BBConf simulation	203	END	1573231002970	1573231003141
USER	BBConf simulation	204	START	1573231003141	1573231003141
REQUEST	204		start	1573231003142	1573231003333	OK	 
USER	BBConf simulation	204	END	1573231003141	1573231003333
USER	BBConf simulation	205	START	1573231003333	1573231003333
REQUEST	205		start	1573231003333	1573231003555	OK	 
USER	BBConf simulation	205	END	1573231003333	1573231003555
USER	BBConf simulation	206	START	1573231003555	1573231003555
REQUEST	206		start	1573231003555	1573231003725	OK	 
USER	BBConf simulation	206	END	1573231003555	1573231003725
USER	BBConf simulation	207	START	1573231003725	1573231003725
REQUEST	207		start	1573231003726	1573231003914	OK	 
USER	BBConf simulation	207	END	1573231003725	1573231003915
USER	BBConf simulation	208	START	1573231003915	1573231003915
REQUEST	208		start	1573231003915	1573231004220	OK	 
USER	BBConf simulation	208	END	1573231003915	1573231004220
USER	BBConf simulation	209	START	1573231004220	1573231004220
REQUEST	209		start	1573231004221	1573231004472	OK	 
USER	BBConf simulation	209	END	1573231004220	1573231004472
USER	BBConf simulation	210	START	1573231004473	1573231004473
REQUEST	210		start	1573231004473	1573231004695	OK	 
USER	BBConf simulation	210	END	1573231004473	1573231004695
USER	BBConf simulation	211	START	1573231004696	1573231004696
REQUEST	211		start	1573231004696	1573231004967	OK	 
USER	BBConf simulation	211	END	1573231004696	1573231004968
USER	BBConf simulation	212	START	1573231004968	1573231004968
REQUEST	212		start	1573231004969	1573231005316	OK	 
USER	BBConf simulation	212	END	1573231004968	1573231005316
USER	BBConf simulation	213	START	1573231005316	1573231005316
REQUEST	213		start	1573231005317	1573231005518	KO	status.find.is(200), but actually found 500
USER	BBConf simulation	213	END	1573231005316	1573231005518
USER	BBConf simulation	214	START	1573231005518	1573231005518
REQUEST	214		start	1573231005519	1573231005684	OK	 
USER	BBConf simulation	214	END	1573231005518	1573231005685
USER	BBConf simulation	215	START	1573231005685	1573231005685
REQUEST	215		start	1573231005685	1573231005881	KO	status.find.is(200), but actually found 500
USER	BBConf simulation	215	END	1573231005685	1573231005882
USER	BBConf simulation	216	START	1573231005882	1573231005882
REQUEST	216		start	1573231005882	1573231006078	OK	 
USER	BBConf simulation	216	END	1573231005882	1573231006079
USER	BBConf simulation	217	START	1573231006079	1573231006079
REQUEST	217		start	1573231006079	1573231006295	KO	status.find.is(200), but actually found 500
USER	BBConf simulation	217	END	1573231006079	1573231006295
USER	BBConf simulation	218	START	1573231006295	1573231006295
REQUEST	218		start	1573231006296	1573231006463	KO	status.find.is(200), but actually found 500
USER	BBConf simulation	218	END	1573231006295	1573231006464
USER	BBConf simulation	219	START	1573231006464	1573231006464
REQUEST	219		start	1573231006464	1573231006655	OK	 
USER	BBConf simulation	219	END	1573231006464	1573231006655
USER	BBConf simulation	220	START	1573231006655	1573231006655
REQUEST	220		start	1573231006656	1573231006905	OK	 
USER	BBConf simulation	220	END	1573231006655	1573231006906
USER	BBConf simulation	221	START	1573231006906	1573231006906
REQUEST	221		start	1573231006906	1573231007075	KO	status.find.is(200), but actually found 500
USER	BBConf simulation	221	END	1573231006906	1573231007075
USER	BBConf simulation	222	START	1573231007075	1573231007075
REQUEST	222		start	1573231007076	1573231007265	OK	 
USER	BBConf simulation	222	END	1573231007075	1573231007266
USER	BBConf simulation	223	START	1573231007266	1573231007266
REQUEST	223		start	1573231007266	1573231007443	OK	 
USER	BBConf simulation	223	END	1573231007266	1573231007443
USER	BBConf simulation	224	START	1573231007443	1573231007443
REQUEST	224		start	1573231007443	1573231007619	OK	 
USER	BBConf simulation	224	END	1573231007443	1573231007619
USER	BBConf simulation	225	START	1573231007619	1573231007619
REQUEST	225		start	1573231007619	1573231007796	OK	 
USER	BBConf simulation	225	END	1573231007619	1573231007797
USER	BBConf simulation	226	START	1573231007797	1573231007797
REQUEST	226		start	1573231007798	1573231007975	OK	 
USER	BBConf simulation	226	END	1573231007797	1573231007975
USER	BBConf simulation	227	START	1573231007975	1573231007975
REQUEST	227		start	1573231007976	1573231008155	OK	 
USER	BBConf simulation	227	END	1573231007975	1573231008155
USER	BBConf simulation	228	START	1573231008155	1573231008155
REQUEST	228		start	1573231008156	1573231008332	OK	 
USER	