RUN	computerdatabase.BasicSimulation	basicsimulation	1573230878401	 	3.3.0
USER	BBConf simulation	1	START	1573230878709	1573230878709
REQUEST	1		start	1573230878744	1573230878999	KO	status.find.is(200), but actually found 400
USER	BBConf simulation	1	END	1573230878709	1573230879012
USER	BBConf simulation	2	START	1573230879012	1573230879012
REQUEST	2		start	1573230879013	1573230879109	KO	status.find.is(200), but actually found 400
USER	BBConf simulation	2	END	1573230879012	1573230879109
USER	BBConf simulation	3	START	1573230879110	1573230879110
REQUEST	3		start	1573230879110	1573230879209	KO	status.find.is(200), but actually found 400
USER	BBConf simulation	3	END	1573230879110	1573230879210
USER	BBConf simulation	4	START	1573230879211	1573230879211
REQUEST	4		start	1573230879212	1573230879317	KO	status.find.is(200), but actually found 400
USER	BBConf simulation	4	END	1573230879211	1573230879317
USER	BBConf simulation	5	START	1573230879318	1573230879318
REQUEST	5		start	1573230879318	1573230879414	KO	status.find.is(200), but actually found 400
USER	BBConf simulation	5	END	1573230879318	1573230879414
USER	BBConf simulation	6	START	1573230879415	1573230879415
REQUEST	6		start	1573230879415	1573230879517	KO	status.find.is(200), but actually found 400
USER	BBConf simulation	6	END	1573230879415	1573230879518
USER	BBConf simulation	7	START	1573230879518	1573230879518
REQUEST	7		start	1573230879519	1573230879634	KO	status.find.is(200), but actually found 400
USER	BBConf simulation	7	END	1573230879518	1573230879635
USER	BBConf simulation	8	START	1573230879636	1573230879636
REQUEST	8		start	1573230879636	1573230879740	KO	status.find.is(200), but actually found 400
USER	BBConf simulation	8	END	1573230879636	1573230879740
USER	BBConf simulation	9	START	1573230879741	1573230879741
REQUEST	9		start	1573230879742	1573230879844	KO	status.find.is(200), but actually found 400
USER	BBConf simulation	9	END	1573230879741	1573230879845
USER	BBConf simulation	10	START	1573230879845	1573230879845
REQUEST	10		start	1573230879845	1573230879948	KO	status.find.is(200), but actually found 400
USER	BBConf simulation	10	END	1573230879845	1573230879950
USER	BBConf simulation	11	START	1573230879950	1573230879950
REQUEST	11		start	1573230879951	1573230880046	KO	status.find.is(200), but actually found 400
USER	BBConf simulation	11	END	1573230879950	1573230880047
USER	BBConf simulation	12	START	1573230880047	1573230880047
REQUEST	12		start	1573230880048	1573230880154	KO	status.find.is(200), but actually found 400
USER	BBConf simulation	12	END	1573230880047	1573230880155
USER	BBConf simulation	13	START	1573230880155	1573230880155
REQUEST	13		start	1573230880156	1573230880256	KO	status.find.is(200), but actually found 400
USER	BBConf simulation	13	END	1573230880155	1573230880257
USER	BBConf simulation	14	START	1573230880257	1573230880257
REQUEST	14		start	1573230880258	1573230880394	KO	status.find.is(200), but actually found 400
USER	BBConf simulation	14	END	1573230880257	1573230880394
USER	BBConf simulation	15	START	1573230880395	1573230880395
REQUEST	15		start	1573230880395	1573230880493	KO	status.find.is(200), but actually found 400
USER	BBConf simulation	15	END	1573230880395	1573230880494
USER	BBConf simulation	16	START	1573230880494	1573230880494
REQUEST	16		start	1573230880495	1573230880599	KO	status.find.is(200), but actually found 400
USER	BBConf simulation	16	END	1573230880494	1573230880600
USER	BBConf simulation	17	START	1573230880600	1573230880600
REQUEST	17		start	1573230880601	1573230880649	KO	status.find.is(200), but actually found 400
USER	BBConf simulation	17	END	1573230880600	1573230880650
USER	BBConf simulation	18	START	1573230880650	1573230880650
REQUEST	18		start	1573230880651	1573230880699	KO	status.find.is(200), but actually found 400
USER	BBConf simulation	18	END	1573230880650	1573230880700
USER	BBConf simulation	19	START	1573230880700	1573230880700
REQUEST	19		start	1573230880701	1573230880757	KO	status.find.is(200), but actually found 400
USER	BBConf simulation	19	END	1573230880700	1573230880757
USER	BBConf simulation	20	START	1573230880758	1573230880758
REQUEST	20		start	1573230880758	1573230880817	KO	status.find.is(200), but actually found 400
USER	BBConf simulation	20	END	1573230880758	1573230880818
USER	BBConf simulation	21	START	1573230880818	1573230880818
REQUEST	21		start	1573230880819	1573230880867	KO	status.find.is(200), but actually found 400
USER	BBConf simulation	21	END	1573230880818	1573230880868
USER	BBConf simulation	22	START	1573230880868	1573230880868
REQUEST	22		start	1573230880868	1573230880919	KO	status.find.is(200), but actually found 400
USER	BBConf simulation	22	END	1573230880868	1573230880920
USER	BBConf simulation	23	START	1573230880920	1573230880920
REQUEST	23		start	1573230880921	1573230880970	KO	status.find.is(200), but actually found 400
USER	BBConf simulation	23	END	1573230880920	1573230880971
USER	BBConf simulation	24	START	1573230880972	1573230880972
REQUEST	24		start	1573230880972	1573230881023	KO	status.find.is(200), but actually found 400
USER	BBConf simulation	24	END	1573230880972	1573230881023
USER	BBConf simulation	25	START	1573230881024	1573230881024
REQUEST	25		start	1573230881024	1573230881076	KO	status.find.is(200), but actually found 400
USER	BBConf simulation	25	END	1573230881024	1573230881076
USER	BBConf simulation	26	START	1573230881077	1573230881077
REQUEST	26		start	1573230881077	1573230881128	KO	status.find.is(200), but actually found 400
USER	BBConf simulation	26	END	1573230881077	1573230881129
USER	BBConf simulation	27	START	1573230881129	1573230881129
REQUEST	27		start	1573230881130	1573230881177	KO	status.find.is(200), but actually found 400
USER	BBConf simulation	27	END	1573230881129	1573230881178
USER	BBConf simulation	28	START	1573230881178	1573230881178
REQUEST	28		start	1573230881178	1573230881230	KO	status.find.is(200), but actually found 400
USER	BBConf simulation	28	END	1573230881178	1573230881231
USER	BBConf simulation	29	START	1573230881231	1573230881231
REQUEST	29		start	1573230881232	1573230881280	KO	status.find.is(200), but actually found 400
USER	BBConf simulation	29	END	1573230881231	1573230881281
USER	BBConf simulation	30	START	1573230881281	1573230881281
REQUEST	30		start	1573230881281	1573230881331	KO	status.find.is(200), but actually found 400
USER	BBConf simulation	30	END	1573230881281	1573230881333
USER	BBConf simulation	31	START	1573230881333	1573230881333
REQUEST	31		start	1573230881334	1573230881381	KO	status.find.is(200), but actually found 400
USER	BBConf simulation	31	END	1573230881333	1573230881383
USER	BBConf simulation	32	START	1573230881383	1573230881383
REQUEST	32		start	1573230881384	1573230881435	KO	status.find.is(200), but actually found 400
USER	BBConf simulation	32	END	1573230881383	1573230881436
USER	BBConf simulation	33	START	1573230881437	1573230881437
REQUEST	33		start	1573230881437	1573230881485	KO	status.find.is(200), but actually found 400
USER	BBConf simulation	33	END	1573230881437	1573230881485
USER	BBConf simulation	34	START	1573230881485	1573230881485
REQUEST	34		start	1573230881486	1573230881534	KO	status.find.is(200), but actually found 400
USER	BBConf simulation	34	END	1573230881485	1573230881535
USER	BBConf simulation	35	START	1573230881535	1573230881535
REQUEST	35		start	1573230881535	1573230881589	KO	status.find.is(200), but actually found 400
USER	BBConf simulation	35	END	1573230881535	1573230881589
USER	BBConf simulation	36	START	1573230881589	1573230881589
REQUEST	36		start	1573230881590	1573230881643	KO	status.find.is(200), but actually found 400
USER	BBConf simulation	36	END	1573230881589	1573230881644
USER	BBConf simulation	37	START	1573230881644	1573230881644
REQUEST	37		start	1573230881644	1573230881693	KO	status.find.is(200), but actually found 400
USER	BBConf simulation	37	END	1573230881644	1573230881694
USER	BBConf simulation	38	START	1573230881694	1573230881694
REQUEST	38		start	1573230881695	1573230881745	KO	status.find.is(200), but actually found 400
USER	BBConf simulation	38	END	1573230881694	1573230881746
USER	BBConf simulation	39	START	1573230881747	1573230881747
REQUEST	39		start	1573230881747	1573230881799	KO	status.find.is(200), but actually found 400
USER	BBConf simulation	39	END	1573230881747	1573230881799
USER	BBConf simulation	40	START	1573230881800	1573230881800
REQUEST	40		start	1573230881800	1573230881853	KO	status.find.is(200), but actually found 400
USER	BBConf simulation	40	END	1573230881800	1573230881853
USER	BBConf simulation	41	START	1573230881854	1573230881854
REQUEST	41		start	1573230881854	1573230881909	KO	status.find.is(200), but actually found 400
USER	BBConf simulation	41	END	1573230881854	1573230881909
USER	BBConf simulation	42	START	1573230881910	1573230881910
REQUEST	42		start	1573230881910	1573230881963	KO	status.find.is(200), but actually found 400
USER	BBConf simulation	42	END	1573230881910	1573230881964
USER	BBConf simulation	43	START	1573230881964	1573230881964
REQUEST	43		start	1573230881965	1573230882015	KO	status.find.is(200), but actually found 400
USER	BBConf simulation	43	END	1573230881964	1573230882016
USER	BBConf simulation	44	START	1573230882016	1573230882016
REQUEST	44		start	1573230882017	1573230882067	KO	status.find.is(200), but actually found 400
USER	BBConf simulation	44	END	1573230882016	1573230882067
USER	BBConf simulation	45	START	1573230882067	1573230882067
REQUEST	45		start	1573230882068	1573230882117	KO	status.find.is(200), but actually found 400
USER	BBConf simulation	45	END	1573230882067	1573230882118
USER	BBConf simulation	46	START	1573230882118	1573230882118
REQUEST	46		start	1573230882118	1573230882171	KO	status.find.is(200), but actually found 400
USER	BBConf simulation	46	END	1573230882118	1573230882174
USER	BBConf simulation	47	START	1573230882174	1573230882174
REQUEST	47		start	1573230882174	1573230882222	KO	status.find.is(200), but actually found 400
USER	BBConf simulation	47	END	1573230882174	1573230882223
USER	BBConf simulation	48	START	1573230882223	1573230882223
REQUEST	48		start	1573230882223	1573230882278	KO	status.find.is(200), but actually found 400
USER	BBConf simulation	48	END	1573230882223	1573230882279
USER	BBConf simulation	49	START	1573230882279	1573230882279
REQUEST	49		start	1573230882280	1573230882330	KO	status.find.is(200), but actually found 400
USER	BBConf simulation	49	END	1573230882279	1573230882330
USER	BBConf simulation	50	START	1573230882331	1573230882331
REQUEST	50		start	1573230882331	1573230882382	KO	status.find.is(200), but actually found 400
USER	BBConf simulation	50	END	1573230882331	1573230882383
USER	BBConf simulation	51	START	1573230882383	1573230882383
REQUEST	51		start	1573230882384	1573230882435	KO	status.find.is(200), but actually found 400
USER	BBConf simulation	51	END	1573230882383	1573230882435
USER	BBConf simulation	52	START	1573230882435	1573230882435
REQUEST	52		start	1573230882435	1573230882492	KO	status.find.is(200), but actually found 400
USER	BBConf simulation	52	END	1573230882435	1573230882492
USER	BBConf simulation	53	START	1573230882493	1573230882493
REQUEST	53		start	1573230882493	1573230882541	KO	status.find.is(200), but actually found 400
USER	BBConf simulation	53	END	1573230882493	1573230882542
USER	BBConf simulation	54	START	1573230882542	1573230882542
REQUEST	54		start	1573230882542	1573230882594	KO	status.find.is(200), but actually found 400
USER	BBConf simulation	54	END	1573230882542	1573230882595
USER	BBConf simulation	55	START	1573230882595	1573230882595
REQUEST	55		start	1573230882596	1573230882650	KO	status.find.is(200), but actually found 400
USER	BBConf simulation	55	END	1573230882595	1573230882651
USER	BBConf simulation	56	START	1573230882652	1573230882652
REQUEST	56		start	1573230882652	1573230882703	KO	status.find.is(200), but actually found 400
USER	BBConf simulation	56	END	1573230882652	1573230882704
USER	BBConf simulation	57	START	1573230882704	1573230882704
REQUEST	57		start	1573230882705	1573230882756	KO	status.find.is(200), but actually found 400
USER	BBConf simulation	57	END	1573230882704	1573230882756
USER	BBConf simulation	58	START	1573230882757	1573230882757
REQUEST	58		start	1573230882757	1573230882808	KO	status.find.is(200), but actually found 400
USER	BBConf simulation	58	END	1573230882757	1573230882809
USER	BBConf simulation	59	START	1573230882809	1573230882809
REQUEST	59		start	1573230882810	1573230882865	KO	status.find.is(200), but actually found 400
USER	BBConf simulation	59	END	1573230882809	1573230882866
USER	BBConf simulation	60	START	1573230882866	1573230882866
REQUEST	60		start	1573230882866	1573230882917	KO	status.find.is(200), but actually found 400
USER	BBConf simulation	60	END	1573230882866	1573230882918
USER	BBConf simulation	61	START	1573230882918	1573230882918
REQUEST	61		start	1573230882919	1573230882969	KO	status.find.is(200), but actually found 400
USER	BBConf simulation	61	END	1573230882918	1573230882969
USER	BBConf simulation	62	START	1573230882970	1573230882970
REQUEST	62		start	1573230882970	1573230883022	KO	status.find.is(200), but actually found 400
USER	BBConf simulation	62	END	1573230882970	1573230883023
USER	BBConf simulation	63	START	1573230883023	1573230883023
REQUEST	63		start	1573230883024	1573230883071	KO	status.find.is(200), but actually found 400
USER	BBConf simulation	63	END	1573230883023	1573230883072
USER	BBConf simulation	64	START	1573230883072	1573230883072
REQUEST	64		start	1573230883072	1573230883124	KO	status.find.is(200), but actually found 400
USER	BBConf simulation	64	END	1573230883072	1573230883124
USER	BBConf simulation	65	START	1573230883124	1573230883124
REQUEST	65		start	1573230883125	1573230883175	KO	status.find.is(200), but actually found 400
USER	BBConf simulation	65	END	1573230883124	1573230883176
USER	BBConf simulation	66	START	1573230883176	1573230883176
REQUEST	66		start	1573230883177	1573230883224	KO	status.find.is(200), but actually found 400
USER	BBConf simulation	66	END	1573230883176	1573230883224
USER	BBConf simulation	67	START	1573230883225	1573230883225
REQUEST	67		start	1573230883225	1573230883273	KO	status.find.is(200), but actually found 400
USER	BBConf simulation	67	END	1573230883225	1573230883273
USER	BBConf simulation	68	START	1573230883274	1573230883274
REQUEST	68		start	1573230883274	1573230883326	KO	status.find.is(200), but actually found 400
USER	BBConf simulation	68	END	1573230883274	1573230883326
USER	BBConf simulation	69	START	1573230883327	1573230883327
REQUEST	69		start	1573230883327	1573230883375	KO	status.find.is(200), but actually found 400
USER	BBConf simulation	69	END	1573230883327	1573230883375
USER	BBConf simulation	70	START	1573230883376	1573230883376
REQUEST	70		start	1573230883376	1573230883427	KO	status.find.is(200), but actually found 400
USER	BBConf simulation	70	END	1573230883376	1573230883428
USER	BBConf simulation	71	START	1573230883428	1573230883428
REQUEST	71		start	1573230883429	1573230883480	KO	status.find.is(200), but actually found 400
USER	BBConf simulation	71	END	1573230883428	1573230883480
USER	BBConf simulation	72	START	1573230883480	1573230883480
REQUEST	72		start	1573230883480	1573230883533	KO	status.find.is(200), but actually found 400
USER	BBConf simulation	72	END	1573230883480	1573230883533
USER	BBConf simulation	73	START	1573230883533	1573230883533
REQUEST	73		start	1573230883534	1573230883584	KO	status.find.is(200), but actually found 400
USER	BBConf simulation	73	END	1573230883533	1573230883584
USER	BBConf simulation	74	START	1573230883584	1573230883584
REQUEST	74		start	1573230883584	1573230883636	KO	status.find.is(200), but actually found 400
USER	BBConf simulation	74	END	1573230883584	1573230883636
USER	BBConf simulation	75	START	1573230883636	1573230883636
REQUEST	75		start	1573230883636	1573230883686	KO	status.find.is(200), but actually found 400
USER	BBConf simulation	75	END	1573230883636	1573230883686
USER	BBConf simulation	76	START	1573230883686	1573230883686
REQUEST	76		start	1573230883687	1573230883739	KO	status.find.is(200), but actually found 400
USER	BBConf simulation	76	END	1573230883686	1573230883740
USER	BBConf simulation	77	START	1573230883740	1573230883740
REQUEST	77		start	1573230883740	1573230883787	KO	status.find.is(200), but actually found 400
USER	BBConf simulation	77	END	1573230883740	1573230883787
USER	BBConf simulation	78	START	1573230883787	1573230883787
REQUEST	78		start	1573230883788	1573230883842	KO	status.find.is(200), but actually found 400
USER	BBConf simulation	78	END	1573230883787	1573230883843
USER	BBConf simulation	79	START	1573230883843	1573230883843
REQUEST	79		start	1573230883843	1573230883898	KO	status.find.is(200), but actually found 400
USER	BBConf simulation	79	END	1573230883843	1573230883898
USER	BBConf simulation	80	START	1573230883899	1573230883899
REQUEST	80		start	1573230883899	1573230883951	KO	status.find.is(200), but actually found 400
USER	BBConf simulation	80	END	1573230883899	1573230883952
USER	BBConf simulation	81	START	1573230883952	1573230883952
REQUEST	81		start	1573230883953	1573230884001	KO	status.find.is(200), but actually found 400
USER	BBConf simulation	81	END	1573230883952	1573230884001
USER	BBConf simulation	82	START	1573230884001	1573230884001
REQUEST	82		start	1573230884002	1573230884049	KO	status.find.is(200), but actually found 400
USER	BBConf simulation	82	END	1573230884001	1573230884050
USER	BBConf simulation	83	START	1573230884050	1573230884050
REQUEST	83		start	1573230884050	1573230884101	KO	status.find.is(200), but actually found 400
USER	BBConf simulation	83	END	1573230884050	1573230884101
USER	BBConf simulation	84	START	1573230884101	1573230884101
REQUEST	84		start	1573230884102	1573230884153	KO	status.find.is(200), but actually found 400
USER	BBConf simulation	84	END	1573230884101	1573230884154
USER	BBConf simulation	85	START	1573230884154	1573230884154
REQUEST	85		start	1573230884154	1573230884202	KO	status.find.is(200), but actually found 400
USER	BBConf simulation	85	END	1573230884154	1573230884202
USER	BBConf simulation	86	START	1573230884203	1573230884203
REQUEST	86		start	1573230884203	1573230884256	KO	status.find.is(200), but actually found 400
USER	BBConf simulation	86	END	1573230884203	1573230884256
USER	BBConf simulation	87	START	1573230884257	1573230884257
REQUEST	87		start	1573230884257	1573230884311	KO	status.find.is(200), but actually found 400
USER	BBConf simulation	87	END	1573230884257	1573230884311
USER	BBConf simulation	88	START	1573230884312	1573230884312
REQUEST	88		start	1573230884312	1573230884363	KO	status.find.is(200), but actually found 400
USER	BBConf simulation	88	END	1573230884312	1573230884364
USER	BBConf simulation	89	START	1573230884364	1573230884364
REQUEST	89		start	1573230884365	1573230884415	KO	status.find.is(200), but actually found 400
USER	BBConf simulation	89	END	1573230884364	1573230884416
USER	BBConf simulation	90	START	1573230884416	1573230884416
REQUEST	90		start	1573230884416	1573230884469	KO	status.find.is(200), but actually found 400
USER	BBConf simulation	90	END	1573230884416	1573230884469
USER	BBConf simulation	91	START	1573230884469	1573230884469
REQUEST	91		start	1573230884470	1573230884517	KO	status.find.is(200), but actually found 400
USER	BBConf simulation	91	END	1573230884469	1573230884517
USER	BBConf simulation	92	START	1573230884517	1573230884517
REQUEST	92		start	1573230884518	1573230884570	KO	status.find.is(200), but actually found 400
USER	BBConf simulation	92	END	1573230884517	1573230884570
USER	BBConf simulation	93	START	1573230884570	1573230884570
REQUEST	93		start	1573230884571	1573230884619	KO	status.find.is(200), but actually found 400
USER	BBConf simulation	93	END	1573230884570	1573230884619
USER	BBConf simulation	94	START	1573230884619	1573230884619
REQUEST	94		start	1573230884619	1573230884670	KO	status.find.is(200), but actually found 400
USER	BBConf simulation	94	END	1573230884619	1573230884670
USER	BBConf simulation	95	START	1573230884670	1573230884670
REQUEST	95		start	1573230884671	1573230884718	KO	status.find.is(200), but actually found 400
USER	BBConf simulation	95	END	1573230884670	1573230884718
USER	BBConf simulation	96	START	1573230884718	1573230884718
REQUEST	96		start	1573230884718	1573230884769	KO	status.find.is(200), but actually found 400
USER	BBConf simulation	96	END	1573230884718	1573230884770
USER	BBConf simulation	97	START	1573230884770	1573230884770
REQUEST	97		start	1573230884771	1573230884819	KO	status.find.is(200), but actually found 400
USER	BBConf simulation	97	END	1573230884770	1573230884820
USER	BBConf simulation	98	START	1573230884820	1573230884820
REQUEST	98		start	1573230884820	1573230884867	KO	status.find.is(200), but actually found 400
USER	BBConf simulation	98	END	1573230884820	1573230884867
USER	BBConf simulation	99	START	1573230884867	1573230884867
REQUEST	99		start	1573230884867	1573230884917	KO	status.find.is(200), but actually found 400
USER	BBConf simulation	99	END	1573230884867	1573230884917
USER	BBConf simulation	100	START	1573230884917	1573230884917
REQUEST	100		start	1573230884917	1573230884970	KO	status.find.is(200), but actually found 400
USER	BBConf simulation	100	END	1573230884917	1573230884970
USER	BBConf simulation	101	START	1573230884970	1573230884970
REQUEST	101		start	1573230884971	1573230885019	KO	status.find.is(200), but actually found 400
USER	BBConf simulation	101	END	1573230884970	1573230885019
USER	BBConf simulation	102	START	1573230885019	1573230885019
REQUEST	102		start	1573230885019	1573230885080	KO	status.find.is(200), but actually found 400
USER	BBConf simulation	102	END	1573230885019	1573230885080
USER	BBConf simulation	103	START	1573230885081	1573230885081
REQUEST	103		start	1573230885081	1573230885135	KO	status.find.is(200), but actually found 400
USER	BBConf simulation	103	END	1573230885081	1573230885136
USER	BBConf simulation	104	START	1573230885136	1573230885136
REQUEST	104		start	1573230885136	1573230885190	KO	status.find.is(200), but actually found 400
USER	BBConf simulation	104	END	1573230885136	1573230885190
USER	BBConf simulation	105	START	1573230885190	1573230885190
REQUEST	105		start	1573230885190	1573230885242	KO	status.find.is(200), but actually found 400
USER	BBConf simulation	105	END	1573230885190	1573230885242
USER	BBConf simulation	106	START	1573230885242	1573230885242
REQUEST	106		start	1573230885243	1573230885295	KO	status.find.is(200), but actually found 400
USER	BBConf simulation	106	END	1573230885242	1573230885296
USER	BBConf simulation	107	START	1573230885296	1573230885296
REQUEST	107		start	1573230885296	1573230885347	KO	status.find.is(200), but actually found 400
USER	BBConf simulation	107	END	1573230885296	1573230885347
USER	BBConf simulation	108	START	1573230885347	1573230885347
REQUEST	108		start	1573230885347	1573230885400	KO	status.find.is(200), but actually found 400
USER	BBConf simulation	108	END	1573230885347	1573230885400
USER	BBConf simulation	109	START	1573230885401	1573230885401
REQUEST	109		start	1573230885401	1573230885450	KO	status.find.is(200), but actually found 400
USER	BBConf simulation	109	END	1573230885401	1573230885451
USER	BBConf simulation	110	START	1573230885451	1573230885451
REQUEST	110		start	1573230885451	1573230885502	KO	status.find.is(200), but actually found 400
USER	BBConf simulation	110	END	1573230885451	1573230885503
USER	BBConf simulation	111	START	1573230885503	1573230885503
REQUEST	111		start	1573230885503	1573230885553	KO	status.find.is(200), but actually found 400
USER	BBConf simulation	111	END	1573230885503	1573230885554
USER	BBConf simulation	112	START	1573230885554	1573230885554
REQUEST	112		start	1573230885554	1573230885605	KO	status.find.is(200), but actually found 400
USER	BBConf simulation	112	END	1573230885554	1573230885606
USER	BBConf simulation	113	START	1573230885606	1573230885606
REQUEST	113		start	1573230885606	1573230885657	KO	status.find.is(200), but actually found 400
USER	BBConf simulation	113	END	1573230885606	1573230885657
USER	BBConf simulation	114	START	1573230885657	1573230885657
REQUEST	114		start	1573230885658	1573230885705	KO	status.find.is(200), but actually found 400
USER	BBConf simulation	114	END	1573230885657	1573230885706
USER	BBConf simulation	115	START	1573230885706	1573230885706
REQUEST	115		start	1573230885707	1573230885754	KO	status.find.is(200), but actually found 400
USER	BBConf simulation	115	END	1573230885706	1573230885754
USER	BBConf simulation	116	START	1573230885754	1573230885754
REQUEST	116		start	1573230885755	1573230885808	KO	status.find.is(200), but actually found 400
USER	BBConf simulation	116	END	1573230885754	1573230885808
USER	BBConf simulation	117	START	1573230885809	1573230885809
REQUEST	117		start	1573230885809	1573230885860	KO	status.find.is(200), but actually found 400
USER	BBConf simulation	117	END	1573230885809	1573230885861
USER	BBConf simulation	118	START	1573230885861	1573230885861
REQUEST	118		start	1573230885861	1573230885912	KO	status.find.is(200), but actually found 400
USER	BBConf simulation	118	END	1573230885861	1573230885912
USER	BBConf simulation	119	START	1573230885912	1573230885912
REQUEST	119		start	1573230885913	1573230885964	KO	status.find.is(200), but actually found 400
USER	BBConf simulation	119	END	1573230885912	1573230885964
USER	BBConf simulation	120	START	1573230885964	1573230885964
REQUEST	120		start	1573230885964	1573230886014	KO	status.find.is(200), but actually found 400
USER	BBConf simulation	120	END	1573230885964	1573230886015
USER	BBConf simulation	121	START	1573230886015	1573230886015
REQUEST	121		start	1573230886015	1573230886067	KO	status.find.is(200), but actually found 400
USER	BBConf simulation	121	END	1573230886015	1573230886067
USER	BBConf simulation	122	START	1573230886067	1573230886067
REQUEST	122		start	1573230886068	1573230886118	KO	status.find.is(200), but actually found 400
USER	BBConf simulation	122	END	1573230886067	1573230886118
USER	BBConf simulation	123	START	1573230886118	1573230886118
REQUEST	123		start	1573230886118	1573230886168	KO	status.find.is(200), but actually found 400
USER	BBConf simulation	123	END	1573230886118	1573230886168
USER	BBConf simulation	124	START	1573230886169	1573230886169
REQUEST	124		start	1573230886169	1573230886226	KO	status.find.is(200), but actually found 400
USER	BBConf simulation	124	END	1573230886169	1573230886227
USER	BBConf simulation	125	START	1573230886227	1573230886227
REQUEST	125		start	1573230886227	1573230886280	KO	status.find.is(200), but actually found 400
USER	BBConf simulation	125	END	1573230886227	1573230886280
USER	BBConf simulation	126	START	1573230886280	1573230886280
REQUEST	126		start	1573230886281	1573230886330	KO	status.find.is(200), but actually found 400
USER	BBConf simulation	126	END	1573230886280	1573230886330
USER	BBConf simulation	127	START	1573230886331	1573230886331
REQUEST	127		start	1573230886331	1573230886379	KO	status.find.is(200), but actually found 400
USER	BBConf simulation	127	END	1573230886331	1573230886380
USER	BBConf simulation	128	START	1573230886380	1573230886380
REQUEST	128		start	1573230886381	1573230886460	KO	status.find.is(200), but actually found 400
USER	BBConf simulation	128	END	1573230886380	1573230886461
USER	BBConf simulation	129	START	1573230886462	1573230886462
REQUEST	129		start	1573230886462	1573230886509	KO	status.find.is(200), but actually found 400
USER	BBConf simulation	129	END	1573230886462	1573230886510
USER	BBConf simulation	130	START	1573230886511	1573230886511
REQUEST	130		start	1573230886512	1573230886561	KO	status.find.is(200), but actually found 400
USER	BBConf simulation	130	END	1573230886511	1573230886562
USER	BBConf simulation	131	START	1573230886562	1573230886562
REQUEST	131		start	1573230886563	1573230886611	KO	status.find.is(200), but actually found 400
USER	BBConf simulation	131	END	1573230886562	1573230886612
USER	BBConf simulation	132	START	1573230886612	1573230886612
REQUEST	132		start	1573230886612	1573230886662	KO	status.find.is(200), but actually found 400
USER	BBConf simulation	132	END	1573230886612	1573230886663
USER	BBConf simulation	133	START	1573230886663	1573230886663
REQUEST	133		start	1573230886664	1573230886711	KO	status.find.is(200), but actually found 400
USER	BBConf simulation	133	END	1573230886663	1573230886712
USER	BBConf simulation	134	START	1573230886712	1573230886712
REQUEST	134		start	1573230886712	1573230886762	KO	status.find.is(200), but actually found 400
USER	BBConf simulation	134	END	1573230886712	1573230886762
USER	BBConf simulation	135	START	1573230886762	1573230886762
REQUEST	135		start	1573230886762	1573230886812	KO	status.find.is(200), but actually found 400
USER	BBConf simulation	135	END	1573230886762	1573230886812
USER	BBConf simulation	136	START	1573230886812	1573230886812
REQUEST	136		start	1573230886813	1573230886864	KO	status.find.is(200), but actually found 400
USER	BBConf simulation	136	END	1573230886812	1573230886864
USER	BBConf simulation	137	START	1573230886864	1573230886864
REQUEST	137		start	1573230886864	1573230886917	KO	status.find.is(200), but actually found 400
USER	BBConf simulation	137	END	1573230886864	1573230886917
USER	BBConf simulation	138	START	1573230886917	1573230886917
REQUEST	138		start	1573230886917	1573230886967	KO	status.find.is(200), but actually found 400
USER	BBConf simulation	138	END	1573230886917	1573230886968
USER	BBConf simulation	139	START	1573230886968	1573230886968
REQUEST	139		start	1573230886968	1573230887014	KO	status.find.is(200), but actually found 400
USER	BBConf simulation	139	END	1573230886968	1573230887015
USER	BBConf simulation	140	START	1573230887015	1573230887015
REQUEST	140		start	1573230887015	1573230887066	KO	status.find.is(200), but actually found 400
USER	BBConf simulation	140	END	1573230887015	1573230887067
USER	BBConf simulation	141	START	1573230887067	1573230887067
REQUEST	141		start	1573230887067	1573230887118	KO	status.find.is(200), but actually found 400
USER	BBConf simulation	141	END	1573230887067	1573230887118
USER	BBConf simulation	142	START	1573230887118	1573230887118
REQUEST	142		start	1573230887119	1573230887168	KO	status.find.is(200), but actually found 400
USER	BBConf simulation	142	END	1573230887118	1573230887168
USER	BBConf simulation	143	START	1573230887168	1573230887168
REQUEST	143		start	1573230887169	1573230887217	KO	status.find.is(200), but actually found 400
USER	BBConf simulation	143	END	1573230887168	1573230887217
USER	BBConf simulation	144	START	1573230887217	1573230887217
REQUEST	144		start	1573230887217	1573230887268	KO	status.find.is(200), but actually found 400
USER	BBConf simulation	144	END	1573230887217	1573230887268
USER	BBConf simulation	145	START	1573230887268	1573230887268
REQUEST	145		start	1573230887268	1573230887316	KO	status.find.is(200), but actually found 400
USER	BBConf simulation	145	END	1573230887268	1573230887316
USER	BBConf simulation	146	START	1573230887316	1573230887316
REQUEST	146		start	1573230887316	1573230887372	KO	status.find.is(200), but actually found 400
USER	BBConf simulation	146	END	1573230887316	1573230887373
USER	BBConf simulation	147	START	1573230887373	1573230887373
REQUEST	147		start	1573230887374	1573230887420	KO	status.find.is(200), but actually found 400
USER	BBConf simulation	147	END	1573230887373	1573230887420
USER	BBConf simulation	148	START	1573230887420	1573230887420
REQUEST	148		start	1573230887421	1573230887471	KO	status.find.is(200), but actually found 400
USER	BBConf simulation	148	END	1573230887420	1573230887471
USER	BBConf simulation	149	START	1573230887471	1573230887471
REQUEST	149		start	1573230887471	1573230887518	KO	status.find.is(200), but actually found 400
USER	BBConf simulation	149	END	1573230887471	1573230887518
USER	BBConf simulation	150	START	1573230887518	1573230887518
REQUEST	150		start	1573230887519	1573230887570	KO	status.find.is(200), but actually found 400
USER	BBConf simulation	150	END	1573230887518	1573230887570
USER	BBConf simulation	151	START	1573230887571	1573230887571
REQUEST	151		start	1573230887571	1573230887622	KO	status.find.is(200), but actually found 400
USER	BBConf simulation	151	END	1573230887571	1573230887622
USER	BBConf simulation	152	START	1573230887622	1573230887622
REQUEST	152		start	1573230887623	1573230887675	KO	status.find.is(200), but actually found 400
USER	BBConf simulation	152	END	1573230887622	1573230887676
USER	BBConf simulation	153	START	1573230887676	1573230887676
REQUEST	153		start	1573230887676	1573230887726	KO	status.find.is(200), but actually found 400
USER	BBConf simulation	153	END	1573230887676	1573230887727
USER	BBConf simulation	154	START	1573230887727	1573230887727
REQUEST	154		start	1573230887727	1573230887777	KO	status.find.is(200), but actually found 400
USER	BBConf simulation	154	END	1573230887727	1573230887778
USER	BBConf simulation	155	START	1573230887778	1573230887778
REQUEST	155		start	1573230887779	1573230887826	KO	status.find.is(200), but actually found 400
USER	BBConf simulation	155	END	1573230887778	1573230887826
USER	BBConf simulation	156	START	1573230887826	1573230887826
REQUEST	156		start	1573230887827	1573230887877	KO	status.find.is(200), but actually found 400
USER	BBConf simulation	156	END	1573230887826	1573230887877
USER	BBConf simulation	157	START	1573230887878	1573230887878
REQUEST	157		start	1573230887878	1573230887925	KO	status.find.is(200), but actually found 400
USER	BBConf simulation	157	END	1573230887878	1573230887925
USER	BBConf simulation	158	START	1573230887925	1573230887925
REQUEST	158		start	1573230887926	1573230887977	KO	status.find.is(200), but actually found 400
USER	BBConf simulation	158	END	1573230887925	1573230887977
USER	BBConf simulation	159	START	1573230887977	1573230887977
REQUEST	159		start	1573230887978	1573230888025	KO	status.find.is(200), but actually found 400
USER	BBConf simulation	159	END	1573230887977	1573230888026
USER	BBConf simulation	160	START	1573230888026	1573230888026
REQUEST	160		start	1573230888026	1573230888077	KO	status.find.is(200), but actually found 400
USER	BBConf simulation	160	END	1573230888026	1573230888077
USER	BBConf simulation	161	START	1573230888077	1573230888077
REQUEST	161		start	1573230888078	1573230888127	KO	status.find.is(200), but actually found 400
USER	BBConf simulation	161	END	1573230888077	1573230888128
USER	BBConf simulation	162	START	1573230888128	1573230888128
REQUEST	162		start	1573230888128	1573230888194	KO	status.find.is(200), but actually found 400
USER	BBConf simulation	162	END	1573230888128	1573230888194
USER	BBConf simulation	163	START	1573230888194	1573230888194
REQUEST	163		start	1573230888195	1573230888253	KO	status.find.is(200), but actually found 400
USER	BBConf simulation	163	END	1573230888194	1573230888253
USER	BBConf simulation	164	START	1573230888253	1573230888253
REQUEST	164		start	1573230888254	1573230888311	KO	status.find.is(200), but actually found 400
USER	BBConf simulation	164	END	1573230888253	1573230888312
USER	BBConf simulation	165	START	1573230888312	1573230888312
REQUEST	165		start	1573230888313	1573230888364	KO	status.find.is(200), but actually found 400
USER	BBConf simulation	165	END	1573230888312	1573230888364
USER	BBConf simulation	166	START	1573230888365	1573230888365
REQUEST	166		start	1573230888365	1573230888414	KO	status.find.is(200), but actually found 400
USER	BBConf simulation	166	END	1573230888365	1573230888415
USER	BBConf simulation	167	START	1573230888415	1573230888415
REQUEST	167		start	1573230888415	1573230888469	KO	status.find.is(200), but actually found 400
USER	BBConf simulation	167	END	1573230888415	1573230888470
USER	BBConf simulation	168	START	1573230888470	1573230888470
REQUEST	168		start	1573230888471	1573230888524	KO	status.find.is(200), but actually found 400
USER	BBConf simulation	168	END	1573230888470	1573230888524
USER	BBConf simulation	169	START	1573230888524	1573230888524
REQUEST	169		start	1573230888525	1573230888576	KO	status.find.is(200), but actually found 400
USER	BBConf simulation	169	END	1573230888524	1573230888577
USER	BBConf simulation	170	START	1573230888577	1573230888577
REQUEST	170		start	1573230888578	1573230888629	KO	status.find.is(200), but actually found 400
USER	BBConf simulation	170	END	1573230888577	1573230888629
USER	BBConf simulation	171	START	1573230888630	1573230888630
REQUEST	171		start	1573230888630	1573230888678	KO	status.find.is(200), but actually found 400
USER	BBConf simulation	171	END	1573230888630	1573230888679
USER	BBConf simulation	172	START	1573230888679	1573230888679
REQUEST	172		start	1573230888679	1573230888730	KO	status.find.is(200), but actually found 400
USER	BBConf simulation	172	END	1573230888679	1573230888730
USER	BBConf simulation	173	START	1573230888731	1573230888731
REQUEST	173		start	1573230888731	1573230888783	KO	status.find.is(200), but actually found 400
USER	BBConf simulation	173	END	1573230888731	1573230888783
USER	BBConf simulation	174	START	1573230888783	1573230888783
REQUEST	174		start	1573230888784	1573230888843	KO	status.find.is(200), but actually found 400
USER	BBConf simulation	174	END	1573230888783	1573230888843
USER	BBConf simulation	175	START	1573230888844	1573230888844
REQUEST	175		start	1573230888844	1573230888890	KO	status.find.is(200), but actually found 400
USER	BBConf simulation	175	END	1573230888844	1573230888890
USER	BBConf simulation	176	START	1573230888890	1573230888890
REQUEST	176		start	1573230888891	1573230888943	KO	status.find.is(200), but actually found 400
USER	BBConf simulation	176	END	1573230888890	1573230888944
USER	BBConf simulation	177	START	1573230888944	1573230888944
REQUEST	177		start	1573230888945	1573230888993	KO	status.find.is(200), but actually found 400
USER	BBConf simulation	177	END	1573230888944	1573230888994
USER	BBConf simulation	178	START	1573230888994	1573230888994
REQUEST	178		start	1573230888995	1573230889045	KO	status.find.is(200), but actually found 400
USER	BBConf simulation	178	END	1573230888994	1573230889046
USER	BBConf simulation	179	START	1573230889046	1573230889046
REQUEST	179		start	1573230889046	1573230889095	KO	status.find.is(200), but actually found 400
USER	BBConf simulation	179	END	1573230889046	1573230889096
USER	BBConf simulation	180	START	1573230889096	1573230889096
REQUEST	180		start	1573230889096	1573230889150	KO	status.find.is(200), but actually found 400
USER	BBConf simulation	180	END	1573230889096	1573230889150
USER	BBConf simulation	181	START	1573230889150	1573230889150
REQUEST	181		start	1573230889150	1573230889197	KO	status.find.is(200), but actually found 400
USER	BBConf simulation	181	END	1573230889150	1573230889197
USER	BBConf simulation	182	START	1573230889197	1573230889197
REQUEST	182		start	1573230889197	1573230889252	KO	status.find.is(200), but actually found 400
USER	BBConf simulation	182	END	1573230889197	1573230889253
USER	BBConf simulation	183	START	1573230889253	1573230889253
REQUEST	183		start	1573230889253	1573230889306	KO	status.find.is(200), but actually found 400
USER	BBConf simulation	183	END	1573230889253	1573230889306
USER	BBConf simulation	184	START	1573230889306	1573230889306
REQUEST	184		start	1573230889307	1573230889363	KO	status.find.is(200), but actually found 400
USER	BBConf simulation	184	END	1573230889306	1573230889364
USER	BBConf simulation	185	START	1573230889364	1573230889364
REQUEST	185		start	1573230889364	1573230889420	KO	status.find.is(200), but actually found 400
USER	BBConf simulation	185	END	1573230889364	1573230889420
USER	BBConf simulation	186	START	1573230889420	1573230889420
REQUEST	186		start	1573230889421	1573230889472	KO	status.find.is(200), but actually found 400
USER	BBConf simulation	186	END	1573230889420	1573230889473
USER	BBConf simulation	187	START	1573230889473	1573230889473
REQUEST	187		start	1573230889474	1573230889521	KO	status.find.is(200), but actually found 400
USER	BBConf simulation	187	END	1573230889473	1573230889521
USER	BBConf simulation	188	START	1573230889521	1573230889521
REQUEST	188		start	1573230889522	1573230889573	KO	status.find.is(200), but actually found 400
USER	BBConf simulation	188	END	1573230889521	1573230889573
USER	BBConf simulation	189	START	1573230889573	1573230889573
REQUEST	189		start	1573230889574	1573230889622	KO	status.find.is(200), but actually found 400
USER	BBConf simulation	189	END	1573230889573	1573230889622
USER	BBConf simulation	190	START	1573230889623	1573230889623
REQUEST	190		start	1573230889623	1573230889674	KO	status.find.is(200), but actually found 400
USER	BBConf simulation	190	END	1573230889623	1573230889675
USER	BBConf simulation	191	START	1573230889675	1573230889675
REQUEST	191		start	1573230889675	1573230889725	KO	status.find.is(200), but actually found 400
USER	BBConf simulation	191	END	1573230889675	1573230889725
USER	BBConf simulation	192	START	1573230889726	1573230889726
REQUEST	192		start	1573230889726	1573230889781	KO	status.find.is(200), but actually found 400
USER	BBConf simulation	192	END	1573230889726	1573230889782
USER	BBConf simulation	193	START	1573230889782	1573230889782
REQUEST	193		start	1573230889782	1573230889829	KO	status.find.is(200), but actually found 400
USER	BBConf simulation	193	END	1573230889782	1573230889830
USER	BBConf simulation	194	START	1573230889830	1573230889830
REQUEST	194		start	1573230889831	1573230889883	KO	status.find.is(200), but actually found 400
USER	BBConf simulation	194	END	1573230889830	1573230889883
USER	BBConf simulation	195	START	1573230889883	1573230889883
REQUEST	195		start	1573230889884	1573230889931	KO	status.find.is(200), but actually found 400
USER	BBConf simulation	195	END	1573230889883	1573230889931
USER	BBConf simulation	196	START	1573230889931	1573230889931
REQUEST	196		start	1573230889931	1573230889981	KO	status.find.is(200), but actually found 400
USER	BBConf simulation	196	END	1573230889931	1573230889982
USER	BBConf simulation	197	START	1573230889982	1573230889982
REQUEST	197		start	1573230889982	1573230890029	KO	status.find.is(200), but actually found 400
USER	BBConf simulation	197	END	1573230889982	1573230890030
USER	BBConf simulation	198	START	1573230890031	1573230890031
REQUEST	198		start	1573230890032	1573230890084	KO	status.find.is(200), but actually found 400
USER	BBConf simulation	198	END	1573230890031	1573230890084
USER	BBConf simulation	199	START	1573230890084	1573230890084
REQUEST	199		start	1573230890084	1573230890134	KO	status.find.is(200), but actually found 400
USER	BBConf simulation	199	END	1573230890084	1573230890134
USER	BBConf simulation	200	START	1573230890134	1573230890134
REQUEST	200		start	1573230890135	1573230890187	KO	status.find.is(200), but actually found 400
USER	BBConf simulation	200	END	1573230890134	1573230890187
USER	BBConf simulation	201	START	1573230890187	1573230890187
REQUEST	201		start	1573230890188	1573230890242	KO	status.find.is(200), but actually found 400
USER	BBConf simulation	201	END	1573230890187	1573230890242
USER	BBConf simulation	202	START	1573230890243	1573230890243
REQUEST	202		start	1573230890243	1573230890296	KO	status.find.is(200), but actually found 400
USER	BBConf simulation	202	END	1573230890243	1573230890296
USER	BBConf simulation	203	START	1573230890297	1573230890297
REQUEST	203		start	1573230890297	1573230890344	KO	status.find.is(200), but actually found 400
USER	BBConf simulation	203	END	1573230890297	1573230890344
USER	BBConf simulation	204	START	1573230890345	1573230890345
REQUEST	204		start	1573230890345	1573230890395	KO	status.find.is(200), but actually found 400
USER	BBConf simulation	204	END	1573230890345	1573230890396
USER	BBConf simulation	205	START	1573230890396	1573230890396
REQUEST	205		start	1573230890396	1573230890446	KO	status.find.is(200), but actually found 400
USER	BBConf simulation	205	END	1573230890396	1573230890446
USER	BBConf simulation	206	START	1573230890446	1573230890446
REQUEST	206		start	1573230890446	1573230890495	KO	status.find.is(200), but actually found 400
USER	BBConf simulation	206	END	1573230890446	1573230890496
USER	BBConf simulation	207	START	1573230890496	1573230890496
REQUEST	207		start	1573230890496	1573230890545	KO	status.find.is(200), but actually found 400
USER	BBConf simulation	207	END	1573230890496	1573230890546
USER	BBConf simulation	208	START	1573230890546	1573230890546
REQUEST	208		start	1573230890546	1573230890599	KO	status.find.is(200), but actually found 400
USER	BBConf simulation	208	END	1573230890546	1573230890599
USER	BBConf simulation	209	START	1573230890599	1573230890599
REQUEST	209		start	1573230890600	1573230890646	KO	status.find.is(200), but actually found 400
USER	BBConf simulation	209	END	1573230890599	1573230890647
USER	BBConf simulation	210	START	1573230890647	1573230890647
REQUEST	210		start	1573230890647	1573230890695	KO	status.find.is(200), but actually found 400
USER	BBConf simulation	210	END	1573230890647	1573230890696
USER	BBConf simulation	211	START	1573230890696	1573230890696
REQUEST	211		start	1573230890697	1573230890745	KO	status.find.is(200), but actually found 400
USER	BBConf simulation	211	END	1573230890696	1573230890745
USER	BBConf simulation	212	START	1573230890745	1573230890745
REQUEST	212		start	1573230890746	1573230890796	KO	status.find.is(200), but actually found 400
USER	BBConf simulation	212	END	1573230890745	1573230890796
USER	BBConf simulation	213	START	1573230890797	1573230890797
REQUEST	213		start	1573230890797	1573230890848	KO	status.find.is(200), but actually found 400
USER	BBConf simulation	213	END	1573230890797	1573230890848
USER	BBConf simulation	214	START	1573230890848	1573230890848
REQUEST	214		start	1573230890849	1573230890900	KO	status.find.is(200), but actually found 400
USER	BBConf simulation	214	END	1573230890848	1573230890900
USER	BBConf simulation	215	START	1573230890900	1573230890900
REQUEST	215		start	1573230890901	1573230890953	KO	status.find.is(200), but actually found 400
USER	BBConf simulation	215	END	1573230890900	1573230890954
USER	BBConf simulation	216	START	1573230890954	1573230890954
REQUEST	216		start	1573230890954	1573230891005	KO	status.find.is(200), but actually found 400
USER	BBConf simulation	216	END	1573230890954	1573230891006
USER	BBConf simulation	217	START	1573230891006	1573230891006
REQUEST	217		start	1573230891006	1573230891058	KO	status.find.is(200), but actually found 400
USER	BBConf simulation	217	END	1573230891006	1573230891058
USER	BBConf simulation	218	START	1573230891058	1573230891058
REQUEST	218		start	1573230891059	1573230891109	KO	status.find.is(200), but actually found 400
USER	BBConf simulation	218	END	1573230891058	1573230891109
USER	BBConf simulation	219	START	1573230891109	1573230891109
REQUEST	219		start	1573230891110	1573230891157	KO	status.find.is(200), but actually found 400
USER	BBConf simulation	219	END	1573230891109	1573230891157
USER	BBConf simulation	220	START	1573230891157	1573230891157
REQUEST	220		start	1573230891158	1573230891210	KO	status.find.is(200), but actually found 400
USER	BBConf simulation	220	END	1573230891157	1573230891211
USER	BBConf simulation	221	START	1573230891211	1573230891211
REQUEST	221		start	1573230891212	1573230891259	KO	status.find.is(200), but actually found 400
USER	BBConf simulation	221	END	1573230891211	1573230891259
USER	BBConf simulation	222	START	1573230891259	1573230891259
REQUEST	222		start	1573230891260	1573230891314	KO	status.find.is(200), but actually found 400
USER	BBConf simulation	222	END	1573230891259	1573230891314
USER	BBConf simulation	223	START	1573230891315	1573230891315
REQUEST	223		start	1573230891315	1573230891364	KO	status.find.is(200), but actually found 400
USER	BBConf simulation	223	END	1573230891315	1573230891365
USER	BBConf simulation	224	START	1573230891366	1573230891366
REQUEST	224		start	1573230891367	1573230891425	KO	status.find.is(200), but actually found 400
USER	BBConf simulation	224	END	1573230891366	1573230891425
USER	BBConf simulation	225	START	1573230891425	1573230891425
REQUEST	225		start	1573230891425	1573230891478	KO	status.find.is(200), but actually found 400
USER	BBConf simulation	225	END	1573230891425	1573230891478
USER	BBConf simulation	226	START	1573230891479	1573230891479
REQUEST	226		start	1573230891479	1573230891529	KO	status.find.is(200), but actually found 400
USER	BBConf simulation	226	END	1573230891479	1573230891530
USER	BBConf simulation	227	START	1573230891530	1573230891530
REQUEST	227		start	1573230891530	1573230891577	KO	status.find.is(200), but actually found 400
USER	BBConf simulation	227	END	1573230891530	1573230891577
USER	BBConf simulation	228	START	1573230891577	1573230891577
REQUEST	228		start	1573230891577	1573230891628	KO	status.find.is(200), but actually found 400
USER	BBConf simulation	228	END	1573230891577	1573230891628
USER	BBConf simulation	229	START	1573230891628	1573230891628
REQUEST	229		start	1573230891628	1573230891675	KO	status.find.is(200), but actually found 400
USER	BBConf simulation	229	END	1573230891628	1573230891676
USER	BBConf simulation	230	START	1573230891676	1573230891676
REQUEST	230		start	1573230891682	1573230891731	KO	status.find.is(200), but actually found 400
USER	BBConf simulation	230	END	1573230891676	1573230891732
USER	BBConf simulation	231	START	1573230891732	1573230891732
REQUEST	231		start	1573230891732	1573230891785	KO	status.find.is(200), but actually found 400
USER	BBConf simulation	231	END	1573230891732	1573230891785
USER	BBConf simulation	232	START	1573230891785	1573230891785
REQUEST	232		start	1573230891786	1573230891837	KO	status.find.is(200), but actually found 400
USER	BBConf simulation	232	END	1573230891785	1573230891837
USER	BBConf simulation	233	START	1573230891837	1573230891837
REQUEST	233		start	1573230891838	1573230891888	KO	status.find.is(200), but actually found 400
USER	BBConf simulation	233	END	1573230891837	1573230891888
USER	BBConf simulation	234	START	1573230891889	1573230891889
REQUEST	234		start	1573230891889	1573230891939	KO	status.find.is(200), but actually found 400
USER	BBConf simulation	234	END	1573230891889	1573230891939
USER	BBConf simulation	235	START	1573230891939	1573230891939
REQUEST	235		start	1573230891939	1573230891995	KO	status.find.is(200), but actually found 400
USER	BBConf simulation	235	END	1573230891939	1573230891995
USER	BBConf simulation	236	START	1573230891995	1573230891995
REQUEST	236		start	1573230891996	1573230892046	KO	status.find.is(200), but actually found 400
USER	BBConf simulation	236	END	1573230891995	1573230892046
USER	BBConf simulation	237	START	1573230892046	1573230892046
REQUEST	237		start	1573230892046	1573230892093	KO	status.find.is(200), but actually found 400
USER	BBConf simulation	237	END	1573230892046	1573230892093
USER	BBConf simulation	238	START	1573230892093	1573230892093
REQUEST	238		start	1573230892093	1573230892142	KO	status.find.is(200), but actually found 400
USER	BBConf simulation	238	END	1573230892093	1573230892142
USER	BBConf simulation	239	START	1573230892142	1573230892142
REQUEST	239		start	1573230892143	1573230892188	KO	status.find.is(200), but actually found 400
USER	BBConf simulation	239	END	1573230892142	1573230892189
USER	BBConf simulation	240	START	1573230892189	1573230892189
REQUEST	240		start	1573230892189	1573230892239	KO	status.find.is(200), but actually found 400
USER	BBConf simulation	240	END	1573230892189	1573230892239
USER	BBConf simulation	241	START	1573230892239	1573230892239
REQUEST	241		start	1573230892239	1573230892288	KO	status.find.is(200), but actually found 400
USER	BBConf simulation	241	END	1573230892239	1573230892288
USER	BBConf simulation	242	START	1573230892288	1573230892288
REQUEST	242		start	1573230892288	1573230892335	KO	status.find.is(200), but actually found 400
USER	BBConf simulation	242	END	1573230892288	1573230892336
USER	BBConf simulation	243	START	1573230892336	1573230892336
REQUEST	243		start	1573230892336	1573230892382	KO	status.find.is(200), but actually found 400
USER	BBConf simulation	243	END	1573230892336	1573230892383
USER	BBConf simulation	244	START	1573230892383	1573230892383
REQUEST	244		start	1573230892383	1573230892439	KO	status.find.is(200), but actually found 400
USER	BBConf simulation	244	END	1573230892383	1573230892440
USER	BBConf simulation	245	START	1573230892440	1573230892440
REQUEST	245		start	1573230892440	1573230892488	KO	status.find.is(200), but actually found 400
USER	BBConf simulation	245	END	1573230892440	1573230892489
USER	BBConf simulation	246	START	1573230892489	1573230892489
REQUEST	246		start	1573230892489	1573230892541	KO	status.find.is(200), but actually found 400
USER	BBConf simulation	246	END	1573230892489	1573230892541
USER	BBConf simulation	247	START	1573230892542	1573230892542
REQUEST	247		start	1573230892542	1573230892592	KO	status.find.is(200), but actually found 400
USER	BBConf simulation	247	END	1573230892542	1573230892592
USER	BBConf simulation	248	START	1573230892593	1573230892593
REQUEST	248		start	1573230892593	1573230892645	KO	status.find.is(200), but actually found 400
USER	BBConf simulation	248	END	1573230892593	1573230892646
USER	BBConf simulation	249	START	1573230892646	1573230892646
REQUEST	249		start	1573230892646	1573230892697	KO	status.find.is(200), but actually found 400
USER	BBConf simulation	249	END	1573230892646	1573230892697
USER	BBConf simulation	250	START	1573230892697	1573230892697
REQUEST	250		start	1573230892697	1573230892750	KO	status.find.is(200), but actually found 400
USER	BBConf simulation	250	END	1573230892697	1573230892750
USER	BBConf simulation	251	START	1573230892750	1573230892750
REQUEST	251		start	1573230892751	1573230892799	KO	status.find.is(200), but actually found 400
USER	BBConf simulation	251	END	1573230892750	1573230892799
USER	BBConf simulation	252	START	1573230892799	1573230892799
REQUEST	252		start	1573230892800	1573230892850	KO	status.find.is(200), but actually found 400
USER	BBConf simulation	252	END	1573230892799	1573230892850
USER	BBConf simulation	253	START	1573230892850	1573230892850
REQUEST	253		start	1573230892851	1573230892898	KO	status.find.is(200), but actually found 400
USER	BBConf simulation	253	END	1573230892850	1573230892899
USER	BBConf simulation	254	START	1573230892899	1573230892899
REQUEST	254		start	1573230892899	1573230892949	KO	status.find.is(200), but actually found 400
USER	BBConf simulation	254	END	1573230892899	1573230892949
USER	BBConf simulation	255	START	1573230892949	1573230892949
REQUEST	255		start	1573230892950	1573230892999	KO	status.find.is(200), but actually found 400
USER	BBConf simulation	255	END	1573230892949	1573230892999
USER	BBConf simulation	256	START	1573230892999	1573230892999
REQUEST	256		start	1573230893000	1573230893051	KO	status.find.is(200), but actually found 400
USER	BBConf simulation	256	END	1573230892999	1573230893051
USER	BBConf simulation	257	START	1573230893052	1573230893052
REQUEST	257		start	1573230893052	1573230893101	KO	status.find.is(200), but actually found 400
USER	BBConf simulation	257	END	1573230893052	1573230893101
USER	BBConf simulation	258	START	1573230893101	1573230893101
REQUEST	258		start	1573230893102	1573230893150	KO	status.find.is(200), but actually found 400
USER	BBConf simulation	258	END	1573230893101	1573230893150
USER	BBConf simulation	259	START	1573230893150	1573230893150
REQUEST	259		start	1573230893151	1573230893203	KO	status.find.is(200), but actually found 400
USER	BBConf simulation	259	END	1573230893150	1573230893203
USER	BBConf simulation	260	START	1573230893203	1573230893203
REQUEST	260		start	1573230893203	1573230893252	KO	status.find.is(200), but actually found 400
USER	BBConf simulation	260	END	1573230893203	1573230893253
USER	BBConf simulation	261	START	1573230893253	1573230893253
REQUEST	261		start	1573230893253	1573230893314	KO	status.find.is(200), but actually found 400
USER	BBConf simulation	261	END	1573230893253	1573230893314
USER	BBConf simulation	262	START	1573230893314	1573230893314
REQUEST	262		start	1573230893315	1573230893376	KO	status.find.is(200), but actually found 400
USER	BBConf simulation	262	END	1573230893314	1573230893376
USER	BBConf simulation	263	START	1573230893377	1573230893377
REQUEST	263		start	1573230893377	1573230893429	KO	status.find.is(200), but actually found 400
USER	BBConf simulation	263	END	1573230893377	1573230893429
USER	BBConf simulation	264	START	1573230893429	1573230893429
REQUEST	264		start	1573230893430	1573230893480	KO	status.find.is(200), but actually found 400
USER	BBConf simulation	264	END	1573230893429	1573230893480
USER	BBConf simulation	265	START	1573230893480	1573230893480
REQUEST	265		start	1573230893480	1573230893530	KO	status.find.is(200), but actually found 400
USER	BBConf simulation	265	END	1573230893480	1573230893531
USER	BBConf simulation	266	START	1573230893531	1573230893531
REQUEST	266		start	1573230893531	1573230893580	KO	status.find.is(200), but actually found 400
USER	BBConf simulation	266	END	1573230893531	1573230893581
USER	BBConf simulation	267	START	1573230893581	1573230893581
REQUEST	267		start	1573230893581	1573230893628	KO	status.find.is(200), but actually found 400
USER	BBConf simulation	267	END	1573230893581	1573230893629
USER	BBConf simulation	268	START	1573230893629	1573230893629
REQUEST	268		start	1573230893629	1573230893678	KO	status.find.is(200), but actually found 400
USER	BBConf simulation	268	END	1573230893629	1573230893678
USER	BBConf simulation	269	START	1573230893678	1573230893678
REQUEST	269		start	1573230893679	1573230893726	KO	status.find.is(200), but actually found 400
USER	BBConf simulation	269	END	1573230893678	1573230893727
USER	BBConf simulation	270	START	1573230893727	1573230893727
REQUEST	270		start	1573230893727	1573230893781	KO	status.find.is(200), but actually found 400
USER	BBConf simulation	270	END	1573230893727	1573230893781
USER	BBConf simulation	271	START	1573230893781	1573230893781
REQUEST	271		start	1573230893781	1573230893832	KO	status.find.is(200), but actually found 400
USER	BBConf simulation	271	END	1573230893781	1573230893832
USER	BBConf simulation	272	START	1573230893832	1573230893832
REQUEST	272		start	1573230893833	1573230893883	KO	status.find.is(200), but actually found 400
USER	BBConf simulation	272	END	1573230893832	1573230893884
USER	BBConf simulation	273	START	1573230893884	1573230893884
REQUEST	273		start	1573230893884	1573230893931	KO	status.find.is(200), but actually found 400
USER	BBConf simulation	273	END	1573230893884	1573230893932
USER	BBConf simulation	274	START	1573230893932	1573230893932
REQUEST	274		start	1573230893932	1573230893983	KO	status.find.is(200), but actually found 400
USER	BBConf simulation	274	END	1573230893932	1573230893983
USER	BBConf simulation	275	START	1573230893984	1573230893984
REQUEST	275		start	1573230893984	1573230894031	KO	status.find.is(200), but actually found 400
USER	BBConf simulation	275	END	1573230893984	1573230894031
USER	BBConf simulation	276	START	1573230894031	1573230894031
REQUEST	276		start	1573230894031	1573230894081	KO	status.find.is(200), but actually found 400
USER	BBConf simulation	276	END	1573230894031	1573230894082
USER	BBConf simulation	277	START	1573230894082	1573230894082
REQUEST	277		start	1573230894082	1573230894130	KO	status.find.is(200), but actually found 400
USER	BBConf simulation	277	END	1573230894082	1573230894131
USER	BBConf simulation	278	START	1573230894131	1573230894131
REQUEST	278		start	1573230894132	1573230894186	KO	status.find.is(200), but actually found 400
USER	BBConf simulation	278	END	1573230894131	1573230894187
USER	BBConf simulation	279	START	1573230894187	1573230894187
REQUEST	279		start	1573230894187	1573230894239	KO	status.find.is(200), but actually found 400
USER	BBConf simulation	279	END	1573230894187	1573230894239
USER	BBConf simulation	280	START	1573230894239	1573230894239
REQUEST	280		start	1573230894239	1573230894293	KO	status.find.is(200), but actually found 400
USER	BBConf simulation	280	END	1573230894239	1573230894293
USER	BBConf simulation	281	START	1573230894293	1573230894293
REQUEST	281		start	1573230894294	1573230894346	KO	status.find.is(200), but actually found 400
USER	BBConf simulation	281	END	1573230894293	1573230894346
USER	BBConf simulation	282	START	1573230894347	1573230894347
REQUEST	282		start	1573230894347	1573230894397	KO	status.find.is(200), but actually found 400
USER	BBConf simulation	282	END	1573230894347	1573230894397
USER	BBConf simulation	283	START	1573230894398	1573230894398
REQUEST	283		start	1573230894398	1573230894446	KO	status.find.is(200), but actually found 400
USER	BBConf simulation	283	END	1573230894398	1573230894446
USER	BBConf simulation	284	START	1573230894446	1573230894446
REQUEST	284		start	1573230894446	1573230894496	KO	status.find.is(200), but actually found 400
USER	BBConf simulation	284	END	1573230894446	1573230894496
USER	BBConf simulation	285	START	1573230894496	1573230894496
REQUEST	285		start	1573230894496	1573230894545	KO	status.find.is(200), but actually found 400
USER	BBConf simulation	285	END	1573230894496	1573230894546
USER	BBConf simulation	286	START	1573230894546	1573230894546
REQUEST	286		start	1573230894546	1573230894596	KO	status.find.is(200), but actually found 400
USER	BBConf simulation	286	END	1573230894546	1573230894596
USER	BBConf simulation	287	START	1573230894596	1573230894596
REQUEST	287		start	1573230894596	1573230894644	KO	status.find.is(200), but actually found 400
USER	BBConf simulation	287	END	1573230894596	1573230894645
USER	BBConf simulation	288	START	1573230894645	1573230894645
REQUEST	288		start	1573230894645	1573230894696	KO	status.find.is(200), but actually found 400
USER	BBConf simulation	288	END	1573230894645	1573230894696
USER	BBConf simulation	289	START	1573230894696	1573230894696
REQUEST	289		start	1573230894697	1573230894744	KO	status.find.is(200), but actually found 400
USER	BBConf simulation	289	END	1573230894696	1573230894745
USER	BBConf simulation	290	START	1573230894745	1573230894745
REQUEST	290		start	1573230894747	1573230894795	KO	status.find.is(200), but actually found 400
USER	BBConf simulation	290	END	1573230894745	1573230894797
USER	BBConf simulation	291	START	1573230894797	1573230894797
REQUEST	291		start	1573230894798	1573230894849	KO	status.find.is(200), but actually found 400
USER	BBConf simulation	291	END	1573230894797	1573230894849
USER	BBConf simulation	292	START	1573230894850	1573230894850
REQUEST	292		start	1573230894850	1573230894900	KO	status.find.is(200), but actually found 400
USER	BBConf simulation	292	END	1573230894850	1573230894901
USER	BBConf simulation	293	START	1573230894901	1573230894901
REQUEST	293		start	1573230894902	1573230894948	KO	status.find.is(200), but actually found 400
USER	BBConf simulation	293	END	1573230894901	1573230894948
USER	BBConf simulation	294	START	1573230894949	1573230894949
REQUEST	294		start	1573230894950	1573230895003	KO	status.find.is(200), but actually found 400
USER	BBConf simulation	294	END	1573230894949	1573230895004
USER	BBConf simulation	295	START	1573230895004	1573230895004
REQUEST	295		start	1573230895004	1573230895054	KO	status.find.is(200), but actually found 400
USER	BBConf simulation	295	END	1573230895004	1573230895054
USER	BBConf simulation	296	START	1573230895054	1573230895054
REQUEST	296		start	1573230895054	1573230895104	KO	status.find.is(200), but actually found 400
USER	BBConf simulation	296	END	1573230895054	1573230895104
USER	BBConf simulation	297	START	1573230895105	1573230895105
REQUEST	297		start	1573230895105	1573230895156	KO	status.find.is(200), but actually found 400
USER	BBConf simulation	297	END	1573230895105	1573230895157
USER	BBConf simulation	298	START	1573230895157	1573230895157
REQUEST	298		start	1573230895157	1573230895208	KO	status.find.is(200), but actually found 400
USER	BBConf simulation	298	END	1573230895157	1573230895209
USER	BBConf simulation	299	START	1573230895209	1573230895209
REQUEST	299		start	1573230895209	1573230895255	KO	status.find.is(200), but actually found 400
USER	BBConf simulation	299	END	1573230895209	1573230895255
USER	BBConf simulation	300	START	1573230895255	1573230895255
REQUEST	300		start	1573230895256	1573230895306	KO	status.find.is(200), but actually found 400
USER	BBConf simulation	300	END	1573230895255	1573230895306
USER	BBConf simulation	301	START	1573230895306	1573230895306
REQUEST	301		start	1573230895307	1573230895353	KO	status.find.is(200), but actually found 400
USER	BBConf simulation	301	END	1573230895306	1573230895354
USER	BBConf simulation	302	START	1573230895354	1573230895354
REQUEST	302		start	1573230895354	1573230895403	KO	status.find.is(200), but actually found 400
USER	BBConf simulation	302	END	1573230895354	1573230895403
USER	BBConf simulation	303	START	1573230895403	1573230895403
REQUEST	303		start	1573230895404	1573230895450	KO	status.find.is(200), but actually found 400
USER	BBConf simulation	303	END	1573230895403	1573230895450
USER	BBConf simulation	304	START	1573230895450	1573230895450
REQUEST	304		start	1573230895451	1573230895501	KO	status.find.is(200), but actually found 400
USER	BBConf simulation	304	END	1573230895450	1573230895501
USER	BBConf simulation	305	START	1573230895501	1573230895501
REQUEST	305		start	1573230895502	1573230895549	KO	status.find.is(200), but actually found 400
USER	BBConf simulation	305	END	1573230895501	1573230895549
USER	BBConf simulation	306	START	1573230895549	1573230895549
REQUEST	306		start	1573230895550	1573230895598	KO	status.find.is(200), but actually found 400
USER	BBConf simulation	306	END	1573230895549	1573230895598
USER	BBConf simulation	307	START	1573230895598	1573230895598
REQUEST	307		start	1573230895598	1573230895646	KO	status.find.is(200), but actually found 400
USER	BBConf simulation	307	END	1573230895598	1573230895646
USER	BBConf simulation	308	START	1573230895646	1573230895646
REQUEST	308		start	1573230895646	1573230895696	KO	status.find.is(200), but actually found 400
USER	BBConf simulation	308	END	1573230895646	1573230895696
USER	BBConf simulation	309	START	1573230895696	1573230895696
REQUEST	309		start	1573230895696	1573230895742	KO	status.find.is(200), but actually found 400
USER	BBConf simulation	309	END	1573230895696	1573230895743
USER	BBConf simulation	310	START	1573230895743	1573230895743
REQUEST	310		start	1573230895743	1573230895793	KO	status.find.is(200), but actually found 400
USER	BBConf simulation	310	END	1573230895743	1573230895794
USER	BBConf simulation	311	START	1573230895794	1573230895794
REQUEST	311		start	1573230895794	1573230895845	KO	status.find.is(200), but actually found 400
USER	BBConf simulation	311	END	1573230895794	1573230895845
USER	BBConf simulation	312	START	1573230895845	1573230895845
REQUEST	312		start	1573230895846	1573230895896	KO	status.find.is(200), but actually found 400
USER	BBConf simulation	312	END	1573230895845	1573230895896
USER	BBConf simulation	313	START	1573230895896	1573230895896
REQUEST	313		start	1573230895896	1573230895950	KO	status.find.is(200), but actually found 400
USER	BBConf simulation	313	END	1573230895896	1573230895951
USER	BBConf simulation	314	START	1573230895951	1573230895951
REQUEST	314		start	1573230895951	1573230896007	KO	status.find.is(200), but actually found 400
USER	BBConf simulation	314	END	1573230895951	1573230896007
USER	BBConf simulation	315	START	1573230896007	1573230896007
REQUEST	315		start	1573230896007	1573230896053	KO	status.find.is(200), but actually found 400
USER	BBConf simulation	315	END	1573230896007	1573230896053
USER	BBConf simulation	316	START	1573230896053	1573230896053
REQUEST	316		start	1573230896054	1573230896110	KO	status.find.is(200), but actually found 400
USER	BBConf simulation	316	END	1573230896053	1573230896110
USER	BBConf simulation	317	START	1573230896110	1573230896110
REQUEST	317		start	1573230896110	1573230896157	KO	status.find.is(200), but actually found 400
USER	BBConf simulation	317	END	1573230896110	1573230896158
USER	BBConf simulation	318	START	1573230896158	1573230896158
REQUEST	318		start	1573230896158	1573230896209	KO	status.find.is(200), but actually found 400
USER	BBConf simulation	318	END	1573230896158	1573230896209
USER	BBConf simulation	319	START	1573230896210	1573230896210
REQUEST	319		start	1573230896210	1573230896260	KO	status.find.is(200), but actually found 400
USER	BBConf simulation	319	END	1573230896210	1573230896261
USER	BBConf simulation	320	START	1573230896261	1573230896261
REQUEST	320		start	1573230896261	1573230896315	KO	status.find.is(200), but actually found 400
USER	BBConf simulation	320	END	1573230896261	1573230896315
USER	BBConf simulation	321	START	1573230896316	1573230896316
REQUEST	321		start	1573230896316	1573230896368	KO	status.find.is(200), but actually found 400
USER	BBConf simulation	321	END	1573230896316	1573230896368
USER	BBConf simulation	322	START	1573230896368	1573230896368
REQUEST	322		start	1573230896369	1573230896417	KO	status.find.is(200), but actually found 400
USER	BBConf simulation	322	END	1573230896368	1573230896418
USER	BBConf simulation	323	START	1573230896418	1573230896418
REQUEST	323		start	1573230896418	1573230896465	KO	status.find.is(200), but actually found 400
USER	BBConf simulation	323	END	1573230896418	1573230896466
USER	BBConf simulation	324	START	1573230896466	1573230896466
REQUEST	324		start	1573230896466	1573230896519	KO	status.find.is(200), but actually found 400
USER	BBConf simulation	324	END	1573230896466	1573230896519
USER	BBConf simulation	325	START	1573230896519	1573230896519
REQUEST	325		start	1573230896520	1573230896567	KO	status.find.is(200), but actually found 400
USER	BBConf simulation	325	END	1573230896519	1573230896568
USER	BBConf simulation	326	START	1573230896568	1573230896568
REQUEST	326		start	1573230896568	1573230896619	KO	status.find.is(200), but actually found 400
USER	BBConf simulation	326	END	1573230896568	1573230896619
USER	BBConf simulation	327	START	1573230896619	1573230896619
REQUEST	327		start	1573230896619	1573230896672	KO	status.find.is(200), but actually found 400
USER	BBConf simulation	327	END	1573230896619	1573230896673
USER	BBConf simulation	328	START	1573230896673	1573230896673
REQUEST	328		start	1573230896673	1573230896741	KO	status.find.is(200), but actually found 400
USER	BBConf simulation	328	END	1573230896673	1573230896742
USER	BBConf simulation	329	START	1573230896742	1573230896742
REQUEST	329		start	1573230896742	1573230896794	KO	status.find.is(200), but actually found 400
USER	BBConf simulation	329	END	1573230896742	1573230896794
USER	BBConf simulation	330	START	1573230896794	1573230896794
REQUEST	330		start	1573230896795	1573230896846	KO	status.find.is(200), but actually found 400
USER	BBConf simulation	330	END	1573230896794	1573230896846
USER	BBConf simulation	331	START	1573230896847	1573230896847
REQUEST	331		start	1573230896847	1573230896894	KO	status.find.is(200), but actually found 400
USER	BBConf simulation	331	END	1573230896847	1573230896894
USER	BBConf simulation	332	START	1573230896895	1573230896895
REQUEST	332		start	1573230896895	1573230896945	KO	status.find.is(200), but actually found 400
USER	BBConf simulation	332	END	1573230896895	1573230896945
USER	BBConf simulation	333	START	1573230896946	1573230896946
REQUEST	333		start	1573230896946	1573230896994	KO	status.find.is(200), but actually found 400
USER	BBConf simulation	333	END	1573230896946	1573230896995
USER	BBConf simulation	334	START	1573230896995	1573230896995
REQUEST	334		start	1573230896995	1573230897047	KO	status.find.is(200), but actually found 400
USER	BBConf simulation	334	END	1573230896995	1573230897048
USER	BBConf simulation	335	START	1573230897048	1573230897048
REQUEST	335		start	1573230897048	1573230897096	KO	status.find.is(200), but actually found 400
USER	BBConf simulation	335	END	1573230897048	1573230897096
USER	BBConf simulation	336	START	1573230897096	1573230897096
REQUEST	336		start	1573230897097	1573230897150	KO	status.find.is(200), but actually found 400
USER	BBConf simulation	336	END	1573230897096	1573230897151
USER	BBConf simulation	337	START	1573230897151	1573230897151
REQUEST	337		start	1573230897151	1573230897199	KO	status.find.is(200), but actually found 400
USER	BBConf simulation	337	END	1573230897151	1573230897200
USER	BBConf simulation	338	START	1573230897200	1573230897200
REQUEST	338		start	1573230897200	1573230897252	KO	status.find.is(200), but actually found 400
USER	BBConf simulation	338	END	1573230897200	1573230897252
USER	BBConf simulation	339	START	1573230897252	1573230897252
REQUEST	339		start	1573230897253	1573230897301	KO	status.find.is(200), but actually found 400
USER	BBConf simulation	339	END	1573230897252	1573230897301
USER	BBConf simulation	340	START	1573230897302	1573230897302
REQUEST	340		start	1573230897302	1573230897354	KO	status.find.is(200), but actually found 400
USER	BBConf simulation	340	END	1573230897302	1573230897354
USER	BBConf simulation	341	START	1573230897354	1573230897354
REQUEST	341		start	1573230897355	1573230897401	KO	status.find.is(200), but actually found 400
USER	BBConf simulation	341	END	1573230897354	1573230897401
USER	BBConf simulation	342	START	1573230897401	1573230897401
REQUEST	342		start	1573230897401	1573230897452	KO	status.find.is(200), but actually found 400
USER	BBConf simulation	342	END	1573230897401	1573230897452
USER	BBConf simulation	343	START	1573230897453	1573230897453
REQUEST	343		start	1573230897453	1573230897510	KO	status.find.is(200), but actually found 400
USER	BBConf simulation	343	END	1573230897453	1573230897510
USER	BBConf simulation	344	START	1573230897510	1573230897510
REQUEST	344		start	1573230897511	1573230897562	KO	status.find.is(200), but actually found 400
USER	BBConf simulation	344	END	1573230897510	1573230897563
USER	BBConf simulation	345	START	1573230897563	1573230897563
REQUEST	345		start	1573230897563	1573230897614	KO	status.find.is(200), but actually found 400
USER	BBConf simulation	345	END	1573230897563	1573230897615
USER	BBConf simulation	346	START	1573230897615	1573230897615
REQUEST	346		start	1573230897616	1573230897665	KO	status.find.is(200), but actually found 400
USER	BBConf simulation	346	END	1573230897615	1573230897666
USER	BBConf simulation	347	START	1573230897666	1573230897666
REQUEST	347		start	1573230897667	1573230897713	KO	status.find.is(200), but actually found 400
USER	BBConf simulation	347	END	1573230897666	1573230897714
USER	BBConf simulation	348	START	1573230897714	1573230897714
REQUEST	348		start	1573230897715	1573230897766	KO	status.find.is(200), but actually found 400
USER	BBConf simulation	348	END	1573230897714	1573230897767
USER	BBConf simulation	349	START	1573230897767	1573230897767
REQUEST	349		start	1573230897767	1573230897813	KO	status.find.is(200), but actually found 400
USER	BBConf simulation	349	END	1573230897767	1573230897814
USER	BBConf simulation	350	START	1573230897814	1573230897814
REQUEST	350		start	1573230897815	1573230897866	KO	status.find.is(200), but actually found 400
USER	BBConf simulation	350	END	1573230897814	1573230897866
USER	BBConf simulation	351	START	1573230897867	1573230897867
REQUEST	351		start	1573230897867	1573230897914	KO	status.find.is(200), but actually found 400
USER	BBConf simulation	351	END	1573230897867	1573230897914
USER	BBConf simulation	352	START	1573230897914	1573230897914
REQUEST	352		start	1573230897915	1573230897965	KO	status.find.is(200), but actually found 400
USER	BBConf simulation	352	END	1573230897914	1573230897965
USER	BBConf simulation	353	START	1573230897965	1573230897965
REQUEST	353		start	1573230897966	1573230898015	KO	status.find.is(200), but actually found 400
USER	BBConf simulation	353	END	1573230897965	1573230898015
USER	BBConf simulation	354	START	1573230898015	1573230898015
REQUEST	354		start	1573230898015	1573230898065	KO	status.find.is(200), but actually found 400
USER	BBConf simulation	354	END	1573230898015	1573230898066
USER	BBConf simulation	355	START	1573230898066	1573230898066
REQUEST	355		start	1573230898066	1573230898116	KO	status.find.is(200), but actually found 400
USER	BBConf simulation	355	END	1573230898066	1573230898117
USER	BBConf simulation	356	START	1573230898117	1573230898117
REQUEST	356		start	1573230898117	1573230898167	KO	status.find.is(200), but actually found 400
USER	BBConf simulation	356	END	1573230898117	1573230898168
USER	BBConf simulation	357	START	1573230898168	1573230898168
REQUEST	357		start	1573230898168	1573230898219	KO	status.find.is(200), but actually found 400
USER	BBConf simulation	357	END	1573230898168	1573230898219
USER	BBConf simulation	358	START	1573230898219	1573230898219
REQUEST	358		start	1573230898219	1573230898270	KO	status.find.is(200), but actually found 400
USER	BBConf simulation	358	END	1573230898219	1573230898270
USER	BBConf simulation	359	START	1573230898270	1573230898270
REQUEST	359		start	1573230898271	1573230898329	KO	status.find.is(200), but actually found 400
USER	BBConf simulation	359	END	1573230898270	1573230898330
USER	BBConf simulation	360	START	1573230898330	1573230898330
REQUEST	360		start	1573230898330	1573230898380	KO	status.find.is(200), but actually found 400
USER	BBConf simulation	360	END	1573230898330	1573230898380
USER	BBConf simulation	361	START	1573230898381	1573230898381
REQUEST	361		start	1573230898381	1573230898432	KO	status.find.is(200), but actually found 400
USER	BBConf simulation	361	END	1573230898381	1573230898433
USER	BBConf simulation	362	START	1573230898433	1573230898433
REQUEST	362		start	1573230898433	1573230898485	KO	status.find.is(200), but actually found 400
USER	BBConf simulation	362	END	1573230898433	1573230898485
USER	BBConf simulation	363	START	1573230898485	1573230898485
REQUEST	363		start	1573230898486	1573230898532	KO	status.find.is(200), but actually found 400
USER	BBConf simulation	363	END	1573230898485	1573230898533
USER	BBConf simulation	364	START	1573230898533	1573230898533
REQUEST	364		start	1573230898534	1573230898584	KO	status.find.is(200), but actually found 400
USER	BBConf simulation	364	END	1573230898533	1573230898584
USER	BBConf simulation	365	START	1573230898584	1573230898584
REQUEST	365		start	1573230898585	1573230898632	KO	status.find.is(200), but actually found 400
USER	BBConf simulation	365	END	1573230898584	1573230898632
USER	BBConf simulation	366	START	1573230898632	1573230898632
REQUEST	366		start	1573230898633	1573230898683	KO	status.find.is(200), but actually found 400
USER	BBConf simulation	366	END	1573230898632	1573230898683
USER	BBConf simulation	367	START	1573230898684	1573230898684
REQUEST	367		start	1573230898684	1573230898731	KO	status.find.is(200), but actually found 400
USER	BBConf simulation	367	END	1573230898684	1573230898732
USER	BBConf simulation	368	START	1573230898732	1573230898732
REQUEST	368		start	1573230898732	1573230898792	KO	status.find.is(200), but actually found 400
USER	BBConf simulation	368	END	1573230898732	1573230898792
USER	BBConf simulation	369	START	1573230898793	1573230898793
REQUEST	369		start	1573230898793	1573230898842	KO	status.find.is(200), but actually found 400
USER	BBConf simulation	369	END	1573230898793	1573230898842
USER	BBConf simulation	370	START	1573230898842	1573230898842
REQUEST	370		start	1573230898843	1573230898890	KO	status.find.is(200), but actually found 400
USER	BBConf simulation	370	END	1573230898842	1573230898890
USER	BBConf simulation	371	START	1573230898890	1573230898890
REQUEST	371		start	1573230898890	1573230898939	KO	status.find.is(200), but actually found 400
USER	BBConf simulation	371	END	1573230898890	1573230898939
USER	BBConf simulation	372	START	1573230898939	1573230898939
REQUEST	372		start	1573230898940	1573230898991	KO	status.find.is(200), but actually found 400
USER	BBConf simulation	372	END	1573230898939	1573230898991
USER	BBConf simulation	373	START	1573230898992	1573230898992
REQUEST	373		start	1573230898992	1573230899041	KO	status.find.is(200), but actually found 400
USER	BBConf simulation	373	END	1573230898992	1573230899041
USER	BBConf simulation	374	START	1573230899041	1573230899041
REQUEST	374		start	1573230899042	1573230899090	KO	status.find.is(200), but actually found 400
USER	BBConf simulation	374	END	1573230899041	1573230899090
USER	BBConf simulation	375	START	1573230899091	1573230899091
REQUEST	375		start	1573230899091	1573230899143	KO	status.find.is(200), but actually found 400
USER	BBConf simulation	375	END	1573230899091	1573230899143
USER	BBConf simulation	376	START	1573230899144	1573230899144
REQUEST	376		start	1573230899144	1573230899195	KO	status.find.is(200), but actually found 400
USER	BBConf simulation	376	END	1573230899144	1573230899195
USER	BBConf simulation	377	START	1573230899195	1573230899195
REQUEST	377		start	1573230899196	1573230899249	KO	status.find.is(200), but actually found 400
USER	BBConf simulation	377	END	1573230899195	1573230899249
USER	BBConf simulation	378	START	1573230899249	1573230899249
REQUEST	378		start	1573230899249	1573230899299	KO	status.find.is(200), but actually found 400
USER	BBConf simulation	378	END	1573230899249	1573230899299
USER	BBConf simulation	379	START	1573230899299	1573230899299
REQUEST	379		start	1573230899300	1573230899346	KO	status.find.is(200), but actually found 400
USER	BBConf simulation	379	END	1573230899299	1573230899346
USER	BBConf simulation	380	START	1573230899346	1573230899346
REQUEST	380		start	1573230899347	1573230899397	KO	status.find.is(200), but actually found 400
USER	BBConf simulation	380	END	1573230899346	1573230899397
USER	BBConf simulation	381	START	1573230899398	1573230899398
REQUEST	381		start	1573230899398	1573230899449	KO	status.find.is(200), but actually found 400
USER	BBConf simulation	381	END	1573230899398	1573230899450
USER	BBConf simulation	382	START	1573230899450	1573230899450
REQUEST	382		start	1573230899450	1573230899502	KO	